<?xml version="1.0" encoding="UTF-8"?>
<robot generator="Robot 7.3.2 (Python 3.11.1 on win32)" generated="2025-08-06T19:00:01.521024" rpa="false" schemaversion="5">
<suite id="s1" name="TestCases" source="C:\Users\hanna\OneDrive\Desktop\humanforce_automation-test\UI\TestCases">
<suite id="s1-s1" name="Add Todo" source="C:\Users\hanna\OneDrive\Desktop\humanforce_automation-test\UI\TestCases\add_todo.robot">
<test id="s1-s1-t1" name="Validate that I am able to add a Todo item" line="19">
<kw name="Setup Test Environment" owner="Common" type="SETUP">
<kw name="Run Keyword If" owner="BuiltIn">
<kw name="testSetupLocal" owner="Common">
<kw name="Open Application" owner="AppiumLibrary">
<arg>${REMOTE_URL}</arg>
<arg>platformName=${PLATFORM_NAME}</arg>
<arg>platformVersion=${platformVersion}</arg>
<arg>deviceName=${deviceName}</arg>
<arg>automationName=UiAutomator2</arg>
<arg>appActivity=${ACTIVITY_NAME}</arg>
<arg>appPackage=${PACKAGE_NAME}</arg>
<arg>noReset=${NO_RESET}</arg>
<doc>Opens a new application to given Appium server.
Capabilities of appium server, Android and iOS,
Please check https://appium.io/docs/en/2.19/guides/caps/
| *Option*            | *Man.* | *Description*     |
| remote_url          | Yes    | Appium server url |
| alias               | No     | alias             |</doc>
<status status="PASS" start="2025-08-06T19:00:01.822230" elapsed="4.794289"/>
</kw>
<status status="PASS" start="2025-08-06T19:00:01.821714" elapsed="4.794805"/>
</kw>
<arg>'${environmentToRunTest}'=='LOCAL'</arg>
<arg>testSetupLocal</arg>
<arg>ELSE IF</arg>
<arg>'${environmentToRunTest}'=='BROWSERSTACK'</arg>
<arg>testSetupBrowserStack</arg>
<arg>ELSE</arg>
<arg>Log</arg>
<arg>Setup Test Environment went wrong. Please check the value of the variable 'environmentToRunTest'.</arg>
<doc>Runs the given keyword with the given arguments, if ``condition`` is true.</doc>
<status status="PASS" start="2025-08-06T19:00:01.821082" elapsed="4.795437"/>
</kw>
<doc>Generic local test setup</doc>
<status status="PASS" start="2025-08-06T19:00:01.819392" elapsed="4.797127"/>
</kw>
<kw name="Given I open the application" owner="LoginPO">
<kw name="Wait Until Element Is Visible" owner="AppiumLibrary">
<msg time="2025-08-06T19:00:07.390445" level="INFO">xpath criteria: //android.view.View[@content-desc="Todo App"]</msg>
<arg>${lbl_home_brand}</arg>
<arg>10s</arg>
<doc>Waits until element specified with `locator` is visible.</doc>
<status status="PASS" start="2025-08-06T19:00:06.618314" elapsed="0.772131"/>
</kw>
<kw name="Get Element Attribute" owner="AppiumLibrary">
<msg time="2025-08-06T19:00:07.433619" level="INFO">Element 'xpath=//android.view.View[@content-desc="Todo App"]' attribute 'content-desc' value 'Todo App' </msg>
<msg time="2025-08-06T19:00:07.433619" level="INFO">xpath criteria: //android.view.View[@content-desc="Todo App"]</msg>
<msg time="2025-08-06T19:00:07.433619" level="INFO">${actual_desc} = Todo App</msg>
<var>${actual_desc}</var>
<arg>${lbl_home_brand}</arg>
<arg>content-desc</arg>
<doc>Get element attribute using given attribute: name, value,...</doc>
<status status="PASS" start="2025-08-06T19:00:07.390445" elapsed="0.043174"/>
</kw>
<kw name="Should Be Equal" owner="BuiltIn">
<arg>${actual_desc}</arg>
<arg>${expected_home_desc}</arg>
<doc>Fails if the given objects are unequal.</doc>
<status status="PASS" start="2025-08-06T19:00:07.433619" elapsed="0.000000"/>
</kw>
<status status="PASS" start="2025-08-06T19:00:06.617636" elapsed="0.815983"/>
</kw>
<kw name="When I add a todo item titled" owner="LoginPO">
<kw name="Click Element" owner="AppiumLibrary">
<msg time="2025-08-06T19:00:07.435856" level="INFO">Clicking element 'xpath=(//android.widget.EditText)[1]'.</msg>
<msg time="2025-08-06T19:00:07.517150" level="INFO">xpath criteria: (//android.widget.EditText)[1]</msg>
<arg>${txt_todo_container}</arg>
<doc>Click element identified by `locator`.</doc>
<status status="PASS" start="2025-08-06T19:00:07.435289" elapsed="0.081861"/>
</kw>
<kw name="Get Element Attribute" owner="AppiumLibrary">
<msg time="2025-08-06T19:00:08.721054" level="INFO">Element 'xpath=(//android.widget.EditText)[2]' attribute 'focused' value 'true' </msg>
<msg time="2025-08-06T19:00:08.721054" level="INFO">xpath criteria: (//android.widget.EditText)[2]</msg>
<msg time="2025-08-06T19:00:08.721054" level="INFO">${focused} = true</msg>
<var>${focused}</var>
<arg>${txt_todo_input}</arg>
<arg>focused</arg>
<doc>Get element attribute using given attribute: name, value,...</doc>
<status status="PASS" start="2025-08-06T19:00:07.517150" elapsed="1.203904"/>
</kw>
<kw name="Should Be Equal" owner="BuiltIn">
<arg>${focused}</arg>
<arg>true</arg>
<doc>Fails if the given objects are unequal.</doc>
<status status="PASS" start="2025-08-06T19:00:08.721054" elapsed="0.000000"/>
</kw>
<kw name="Input Text" owner="AppiumLibrary">
<msg time="2025-08-06T19:00:08.723341" level="INFO">Typing text 'Buy Groceries' into text field 'xpath=(//android.widget.EditText)[2]'</msg>
<msg time="2025-08-06T19:00:08.891613" level="INFO">xpath criteria: (//android.widget.EditText)[2]</msg>
<arg>${txt_todo_input}</arg>
<arg>${todo_item}</arg>
<doc>Types the given `text` into text field identified by `locator`.</doc>
<status status="PASS" start="2025-08-06T19:00:08.721054" elapsed="0.170559"/>
</kw>
<kw name="I click the add button" owner="LoginPO">
<kw name="Wait Until Element Is Visible" owner="AppiumLibrary">
<msg time="2025-08-06T19:00:09.468288" level="INFO">xpath criteria: //android.widget.Button[@content-desc="Add"]</msg>
<arg>${btn_add}</arg>
<arg>10s</arg>
<doc>Waits until element specified with `locator` is visible.</doc>
<status status="PASS" start="2025-08-06T19:00:08.894246" elapsed="0.574042"/>
</kw>
<kw name="Click Element" owner="AppiumLibrary">
<msg time="2025-08-06T19:00:09.469876" level="INFO">Clicking element 'xpath=//android.widget.Button[@content-desc="Add"]'.</msg>
<msg time="2025-08-06T19:00:09.665297" level="INFO">xpath criteria: //android.widget.Button[@content-desc="Add"]</msg>
<arg>${btn_add}</arg>
<doc>Click element identified by `locator`.</doc>
<status status="PASS" start="2025-08-06T19:00:09.468288" elapsed="0.198607"/>
</kw>
<status status="PASS" start="2025-08-06T19:00:08.893269" elapsed="0.773626"/>
</kw>
<arg>Buy Groceries</arg>
<status status="PASS" start="2025-08-06T19:00:07.435289" elapsed="2.231606"/>
</kw>
<kw name="Then The Todo item should be displayed as" owner="LoginPO">
<kw name="Element Should Be Visible" owner="AppiumLibrary">
<msg time="2025-08-06T19:00:10.415494" level="INFO">xpath criteria: //android.view.View[contains(@content-desc, "Buy Groceries")]</msg>
<arg>xpath=//android.view.View[contains(@content-desc, "${todo_item}")]</arg>
<doc>Verifies that element identified with locator is visible.</doc>
<status status="PASS" start="2025-08-06T19:00:09.666895" elapsed="0.748599"/>
</kw>
<arg>Buy Groceries</arg>
<status status="PASS" start="2025-08-06T19:00:09.666895" elapsed="0.749218"/>
</kw>
<kw name="Then The todo items count label should be" owner="LoginPO">
<kw name="Get Element Attribute" owner="AppiumLibrary">
<msg time="2025-08-06T19:00:10.570345" level="INFO">Element 'xpath=//android.view.View[contains(@content-desc, "todo-counter")]' attribute 'content-desc' value 'todo-counter
1 items' </msg>
<msg time="2025-08-06T19:00:10.570345" level="INFO">xpath criteria: //android.view.View[contains(@content-desc, "todo-counter")]</msg>
<msg time="2025-08-06T19:00:10.570345" level="INFO">${label_text} = todo-counter
1 items</msg>
<var>${label_text}</var>
<arg>${lbl_todo_counter}</arg>
<arg>content-desc</arg>
<doc>Get element attribute using given attribute: name, value,...</doc>
<status status="PASS" start="2025-08-06T19:00:10.416628" elapsed="0.153717"/>
</kw>
<kw name="Extract Todo Count" owner="TodoUtils">
<msg time="2025-08-06T19:00:10.570345" level="INFO">${actual_count} = 1</msg>
<var>${actual_count}</var>
<arg>${label_text}</arg>
<doc>Extracts the numeric todo count from the second line of the given counter_text.
Assumes the text format is:
    todo-counter
    0 items</doc>
<status status="PASS" start="2025-08-06T19:00:10.570345" elapsed="0.000000"/>
</kw>
<kw name="Should Be Equal As Integers" owner="BuiltIn">
<msg time="2025-08-06T19:00:10.572041" level="INFO">Argument types are:
&lt;class 'int'&gt;
&lt;class 'str'&gt;</msg>
<arg>${actual_count}</arg>
<arg>${expected_count}</arg>
<arg>Label count incorrect</arg>
<doc>Fails if objects are unequal after converting them to integers.</doc>
<status status="PASS" start="2025-08-06T19:00:10.570345" elapsed="0.001696"/>
</kw>
<arg>1</arg>
<status status="PASS" start="2025-08-06T19:00:10.416628" elapsed="0.155413"/>
</kw>
<kw name="And The total number of todo items in the list should be" owner="LoginPO">
<kw name="Get Webelements" owner="AppiumLibrary">
<msg time="2025-08-06T19:00:10.642076" level="INFO">xpath criteria: //android.view.View[contains(@content-desc, "todo-item-")]</msg>
<msg time="2025-08-06T19:00:10.642076" level="INFO">${todo_elements} = [&lt;appium.webdriver.webelement.WebElement (session="78852f7a-3ea3-40d8-bb4a-447a15233ebd", element="00000000-0000-1c32-0000-000f00000003")&gt;]</msg>
<var>${todo_elements}</var>
<arg>xpath=//android.view.View[contains(@content-desc, "todo-item-")]</arg>
<doc>Returns list of [http://selenium-python.readthedocs.io/api.html#module-selenium.webdriver.remote.webelement|WebElement] objects matching ``locator``.</doc>
<status status="PASS" start="2025-08-06T19:00:10.572041" elapsed="0.070035"/>
</kw>
<kw name="Get Length" owner="BuiltIn">
<msg time="2025-08-06T19:00:10.643714" level="INFO">Length is 1.</msg>
<msg time="2025-08-06T19:00:10.643714" level="INFO">${actual_count} = 1</msg>
<var>${actual_count}</var>
<arg>${todo_elements}</arg>
<doc>Returns and logs the length of the given item as an integer.</doc>
<status status="PASS" start="2025-08-06T19:00:10.642076" elapsed="0.001638"/>
</kw>
<kw name="Should Be Equal As Integers" owner="BuiltIn">
<msg time="2025-08-06T19:00:10.643714" level="INFO">Argument types are:
&lt;class 'int'&gt;
&lt;class 'str'&gt;</msg>
<arg>${actual_count}</arg>
<arg>${expected_count}</arg>
<arg>List count incorrect</arg>
<doc>Fails if objects are unequal after converting them to integers.</doc>
<status status="PASS" start="2025-08-06T19:00:10.643714" elapsed="0.000000"/>
</kw>
<arg>1</arg>
<doc>Gets the count of actual todo items in the UI based on matching views</doc>
<status status="PASS" start="2025-08-06T19:00:10.572041" elapsed="0.071673"/>
</kw>
<kw name="And The Todo input field should be empty" owner="LoginPO">
<kw name="Get Text" owner="AppiumLibrary">
<msg time="2025-08-06T19:00:10.721721" level="INFO">Element 'xpath=(//android.widget.EditText)[2]' text is '' </msg>
<msg time="2025-08-06T19:00:10.723389" level="INFO">xpath criteria: (//android.widget.EditText)[2]</msg>
<msg time="2025-08-06T19:00:10.723389" level="INFO">${text} = </msg>
<var>${text}</var>
<arg>${txt_todo_input}</arg>
<doc>Get element text (for hybrid and mobile browser use `xpath` locator, others might cause problem)</doc>
<status status="PASS" start="2025-08-06T19:00:10.644382" elapsed="0.079007"/>
</kw>
<kw name="Should Be Empty" owner="BuiltIn">
<msg time="2025-08-06T19:00:10.723389" level="INFO">Length is 0.</msg>
<arg>${text}</arg>
<doc>Verifies that the given item is empty.</doc>
<status status="PASS" start="2025-08-06T19:00:10.723389" elapsed="0.000000"/>
</kw>
<status status="PASS" start="2025-08-06T19:00:10.644382" elapsed="0.079007"/>
</kw>
<kw name="End result" owner="Common" type="TEARDOWN">
<kw name="Close Application" owner="AppiumLibrary">
<doc>Closes the current application and also close webdriver session.</doc>
<status status="PASS" start="2025-08-06T19:00:10.723389" elapsed="0.673388"/>
</kw>
<status status="PASS" start="2025-08-06T19:00:10.723389" elapsed="0.673388"/>
</kw>
<tag>e2e</tag>
<status status="PASS" start="2025-08-06T19:00:01.819392" elapsed="9.577385"/>
</test>
<test id="s1-s1-t2" name="Validate that I can add multiple Todo items" line="27">
<kw name="Setup Test Environment" owner="Common" type="SETUP">
<kw name="Run Keyword If" owner="BuiltIn">
<kw name="testSetupLocal" owner="Common">
<kw name="Open Application" owner="AppiumLibrary">
<arg>${REMOTE_URL}</arg>
<arg>platformName=${PLATFORM_NAME}</arg>
<arg>platformVersion=${platformVersion}</arg>
<arg>deviceName=${deviceName}</arg>
<arg>automationName=UiAutomator2</arg>
<arg>appActivity=${ACTIVITY_NAME}</arg>
<arg>appPackage=${PACKAGE_NAME}</arg>
<arg>noReset=${NO_RESET}</arg>
<doc>Opens a new application to given Appium server.
Capabilities of appium server, Android and iOS,
Please check https://appium.io/docs/en/2.19/guides/caps/
| *Option*            | *Man.* | *Description*     |
| remote_url          | Yes    | Appium server url |
| alias               | No     | alias             |</doc>
<status status="PASS" start="2025-08-06T19:00:11.399442" elapsed="4.456575"/>
</kw>
<status status="PASS" start="2025-08-06T19:00:11.398930" elapsed="4.457087"/>
</kw>
<arg>'${environmentToRunTest}'=='LOCAL'</arg>
<arg>testSetupLocal</arg>
<arg>ELSE IF</arg>
<arg>'${environmentToRunTest}'=='BROWSERSTACK'</arg>
<arg>testSetupBrowserStack</arg>
<arg>ELSE</arg>
<arg>Log</arg>
<arg>Setup Test Environment went wrong. Please check the value of the variable 'environmentToRunTest'.</arg>
<doc>Runs the given keyword with the given arguments, if ``condition`` is true.</doc>
<status status="PASS" start="2025-08-06T19:00:11.398930" elapsed="4.457604"/>
</kw>
<doc>Generic local test setup</doc>
<status status="PASS" start="2025-08-06T19:00:11.398446" elapsed="4.458088"/>
</kw>
<kw name="Given I open the application" owner="LoginPO">
<kw name="Wait Until Element Is Visible" owner="AppiumLibrary">
<msg time="2025-08-06T19:00:16.699400" level="INFO">xpath criteria: //android.view.View[@content-desc="Todo App"]</msg>
<arg>${lbl_home_brand}</arg>
<arg>10s</arg>
<doc>Waits until element specified with `locator` is visible.</doc>
<status status="PASS" start="2025-08-06T19:00:15.856534" elapsed="0.842866"/>
</kw>
<kw name="Get Element Attribute" owner="AppiumLibrary">
<msg time="2025-08-06T19:00:16.754338" level="INFO">Element 'xpath=//android.view.View[@content-desc="Todo App"]' attribute 'content-desc' value 'Todo App' </msg>
<msg time="2025-08-06T19:00:16.754338" level="INFO">xpath criteria: //android.view.View[@content-desc="Todo App"]</msg>
<msg time="2025-08-06T19:00:16.754338" level="INFO">${actual_desc} = Todo App</msg>
<var>${actual_desc}</var>
<arg>${lbl_home_brand}</arg>
<arg>content-desc</arg>
<doc>Get element attribute using given attribute: name, value,...</doc>
<status status="PASS" start="2025-08-06T19:00:16.699747" elapsed="0.054591"/>
</kw>
<kw name="Should Be Equal" owner="BuiltIn">
<arg>${actual_desc}</arg>
<arg>${expected_home_desc}</arg>
<doc>Fails if the given objects are unequal.</doc>
<status status="PASS" start="2025-08-06T19:00:16.754338" elapsed="0.000000"/>
</kw>
<status status="PASS" start="2025-08-06T19:00:15.856534" elapsed="0.897804"/>
</kw>
<kw name="When I add multiple todo items" owner="LoginPO">
<for flavor="IN">
<iter>
<kw name="I add a Todo item titled" owner="LoginPO">
<kw name="Click Element" owner="AppiumLibrary">
<msg time="2025-08-06T19:00:16.757589" level="INFO">Clicking element 'xpath=(//android.widget.EditText)[1]'.</msg>
<msg time="2025-08-06T19:00:16.881323" level="INFO">xpath criteria: (//android.widget.EditText)[1]</msg>
<arg>${txt_todo_container}</arg>
<doc>Click element identified by `locator`.</doc>
<status status="PASS" start="2025-08-06T19:00:16.755917" elapsed="0.125929"/>
</kw>
<kw name="Get Element Attribute" owner="AppiumLibrary">
<msg time="2025-08-06T19:00:18.049116" level="INFO">Element 'xpath=(//android.widget.EditText)[2]' attribute 'focused' value 'true' </msg>
<msg time="2025-08-06T19:00:18.049116" level="INFO">xpath criteria: (//android.widget.EditText)[2]</msg>
<msg time="2025-08-06T19:00:18.049116" level="INFO">${focused} = true</msg>
<var>${focused}</var>
<arg>${txt_todo_input}</arg>
<arg>focused</arg>
<doc>Get element attribute using given attribute: name, value,...</doc>
<status status="PASS" start="2025-08-06T19:00:16.881846" elapsed="1.167270"/>
</kw>
<kw name="Should Be Equal" owner="BuiltIn">
<arg>${focused}</arg>
<arg>true</arg>
<doc>Fails if the given objects are unequal.</doc>
<status status="PASS" start="2025-08-06T19:00:18.049116" elapsed="0.000000"/>
</kw>
<kw name="Input Text" owner="AppiumLibrary">
<msg time="2025-08-06T19:00:18.050675" level="INFO">Typing text 'Buy Groceries' into text field 'xpath=(//android.widget.EditText)[2]'</msg>
<msg time="2025-08-06T19:00:18.209210" level="INFO">xpath criteria: (//android.widget.EditText)[2]</msg>
<arg>${txt_todo_input}</arg>
<arg>${todo_item}</arg>
<doc>Types the given `text` into text field identified by `locator`.</doc>
<status status="PASS" start="2025-08-06T19:00:18.049116" elapsed="0.160600"/>
</kw>
<kw name="I click the add button" owner="LoginPO">
<kw name="Wait Until Element Is Visible" owner="AppiumLibrary">
<msg time="2025-08-06T19:00:18.803703" level="INFO">xpath criteria: //android.widget.Button[@content-desc="Add"]</msg>
<arg>${btn_add}</arg>
<arg>10s</arg>
<doc>Waits until element specified with `locator` is visible.</doc>
<status status="PASS" start="2025-08-06T19:00:18.210876" elapsed="0.592827"/>
</kw>
<kw name="Click Element" owner="AppiumLibrary">
<msg time="2025-08-06T19:00:18.805305" level="INFO">Clicking element 'xpath=//android.widget.Button[@content-desc="Add"]'.</msg>
<msg time="2025-08-06T19:00:19.038168" level="INFO">xpath criteria: //android.widget.Button[@content-desc="Add"]</msg>
<arg>${btn_add}</arg>
<doc>Click element identified by `locator`.</doc>
<status status="PASS" start="2025-08-06T19:00:18.805305" elapsed="0.232863"/>
</kw>
<status status="PASS" start="2025-08-06T19:00:18.209716" elapsed="0.828452"/>
</kw>
<arg>${item}</arg>
<status status="PASS" start="2025-08-06T19:00:16.755917" elapsed="2.282251"/>
</kw>
<kw name="The Todo item should be displayed as" owner="LoginPO">
<kw name="Element Should Be Visible" owner="AppiumLibrary">
<msg time="2025-08-06T19:00:19.769155" level="INFO">xpath criteria: //android.view.View[contains(@content-desc, "Buy Groceries")]</msg>
<arg>xpath=//android.view.View[contains(@content-desc, "${todo_item}")]</arg>
<doc>Verifies that element identified with locator is visible.</doc>
<status status="PASS" start="2025-08-06T19:00:19.039741" elapsed="0.729414"/>
</kw>
<arg>${item}</arg>
<status status="PASS" start="2025-08-06T19:00:19.039741" elapsed="0.729414"/>
</kw>
<var name="${item}">Buy Groceries</var>
<status status="PASS" start="2025-08-06T19:00:16.755917" elapsed="3.013238"/>
</iter>
<iter>
<kw name="I add a Todo item titled" owner="LoginPO">
<kw name="Click Element" owner="AppiumLibrary">
<msg time="2025-08-06T19:00:19.770672" level="INFO">Clicking element 'xpath=(//android.widget.EditText)[1]'.</msg>
<msg time="2025-08-06T19:00:19.918441" level="INFO">xpath criteria: (//android.widget.EditText)[1]</msg>
<arg>${txt_todo_container}</arg>
<doc>Click element identified by `locator`.</doc>
<status status="PASS" start="2025-08-06T19:00:19.770164" elapsed="0.148277"/>
</kw>
<kw name="Get Element Attribute" owner="AppiumLibrary">
<msg time="2025-08-06T19:00:20.648017" level="INFO">Element 'xpath=(//android.widget.EditText)[2]' attribute 'focused' value 'true' </msg>
<msg time="2025-08-06T19:00:20.648017" level="INFO">xpath criteria: (//android.widget.EditText)[2]</msg>
<msg time="2025-08-06T19:00:20.648017" level="INFO">${focused} = true</msg>
<var>${focused}</var>
<arg>${txt_todo_input}</arg>
<arg>focused</arg>
<doc>Get element attribute using given attribute: name, value,...</doc>
<status status="PASS" start="2025-08-06T19:00:19.918441" elapsed="0.729576"/>
</kw>
<kw name="Should Be Equal" owner="BuiltIn">
<arg>${focused}</arg>
<arg>true</arg>
<doc>Fails if the given objects are unequal.</doc>
<status status="PASS" start="2025-08-06T19:00:20.648017" elapsed="0.000000"/>
</kw>
<kw name="Input Text" owner="AppiumLibrary">
<msg time="2025-08-06T19:00:20.649597" level="INFO">Typing text 'Read Book' into text field 'xpath=(//android.widget.EditText)[2]'</msg>
<msg time="2025-08-06T19:00:20.804150" level="INFO">xpath criteria: (//android.widget.EditText)[2]</msg>
<arg>${txt_todo_input}</arg>
<arg>${todo_item}</arg>
<doc>Types the given `text` into text field identified by `locator`.</doc>
<status status="PASS" start="2025-08-06T19:00:20.648017" elapsed="0.156133"/>
</kw>
<kw name="I click the add button" owner="LoginPO">
<kw name="Wait Until Element Is Visible" owner="AppiumLibrary">
<msg time="2025-08-06T19:00:21.855078" level="INFO">xpath criteria: //android.widget.Button[@content-desc="Add"]</msg>
<arg>${btn_add}</arg>
<arg>10s</arg>
<doc>Waits until element specified with `locator` is visible.</doc>
<status status="PASS" start="2025-08-06T19:00:20.804150" elapsed="1.050928"/>
</kw>
<kw name="Click Element" owner="AppiumLibrary">
<msg time="2025-08-06T19:00:21.856792" level="INFO">Clicking element 'xpath=//android.widget.Button[@content-desc="Add"]'.</msg>
<msg time="2025-08-06T19:00:22.071851" level="INFO">xpath criteria: //android.widget.Button[@content-desc="Add"]</msg>
<arg>${btn_add}</arg>
<doc>Click element identified by `locator`.</doc>
<status status="PASS" start="2025-08-06T19:00:21.855078" elapsed="0.216773"/>
</kw>
<status status="PASS" start="2025-08-06T19:00:20.804150" elapsed="1.267701"/>
</kw>
<arg>${item}</arg>
<status status="PASS" start="2025-08-06T19:00:19.769155" elapsed="2.302696"/>
</kw>
<kw name="The Todo item should be displayed as" owner="LoginPO">
<kw name="Element Should Be Visible" owner="AppiumLibrary">
<msg time="2025-08-06T19:00:22.679551" level="INFO">xpath criteria: //android.view.View[contains(@content-desc, "Read Book")]</msg>
<arg>xpath=//android.view.View[contains(@content-desc, "${todo_item}")]</arg>
<doc>Verifies that element identified with locator is visible.</doc>
<status status="PASS" start="2025-08-06T19:00:22.072366" elapsed="0.607185"/>
</kw>
<arg>${item}</arg>
<status status="PASS" start="2025-08-06T19:00:22.071851" elapsed="0.607700"/>
</kw>
<var name="${item}">Read Book</var>
<status status="PASS" start="2025-08-06T19:00:19.769155" elapsed="2.910396"/>
</iter>
<iter>
<kw name="I add a Todo item titled" owner="LoginPO">
<kw name="Click Element" owner="AppiumLibrary">
<msg time="2025-08-06T19:00:22.682726" level="INFO">Clicking element 'xpath=(//android.widget.EditText)[1]'.</msg>
<msg time="2025-08-06T19:00:22.865212" level="INFO">xpath criteria: (//android.widget.EditText)[1]</msg>
<arg>${txt_todo_container}</arg>
<doc>Click element identified by `locator`.</doc>
<status status="PASS" start="2025-08-06T19:00:22.681143" elapsed="0.184069"/>
</kw>
<kw name="Get Element Attribute" owner="AppiumLibrary">
<msg time="2025-08-06T19:00:23.602930" level="INFO">Element 'xpath=(//android.widget.EditText)[2]' attribute 'focused' value 'true' </msg>
<msg time="2025-08-06T19:00:23.602930" level="INFO">xpath criteria: (//android.widget.EditText)[2]</msg>
<msg time="2025-08-06T19:00:23.602930" level="INFO">${focused} = true</msg>
<var>${focused}</var>
<arg>${txt_todo_input}</arg>
<arg>focused</arg>
<doc>Get element attribute using given attribute: name, value,...</doc>
<status status="PASS" start="2025-08-06T19:00:22.865212" elapsed="0.737718"/>
</kw>
<kw name="Should Be Equal" owner="BuiltIn">
<arg>${focused}</arg>
<arg>true</arg>
<doc>Fails if the given objects are unequal.</doc>
<status status="PASS" start="2025-08-06T19:00:23.602930" elapsed="0.000000"/>
</kw>
<kw name="Input Text" owner="AppiumLibrary">
<msg time="2025-08-06T19:00:23.604051" level="INFO">Typing text 'Haircut' into text field 'xpath=(//android.widget.EditText)[2]'</msg>
<msg time="2025-08-06T19:00:23.727094" level="INFO">xpath criteria: (//android.widget.EditText)[2]</msg>
<arg>${txt_todo_input}</arg>
<arg>${todo_item}</arg>
<doc>Types the given `text` into text field identified by `locator`.</doc>
<status status="PASS" start="2025-08-06T19:00:23.602930" elapsed="0.124164"/>
</kw>
<kw name="I click the add button" owner="LoginPO">
<kw name="Wait Until Element Is Visible" owner="AppiumLibrary">
<msg time="2025-08-06T19:00:24.316580" level="INFO">xpath criteria: //android.widget.Button[@content-desc="Add"]</msg>
<arg>${btn_add}</arg>
<arg>10s</arg>
<doc>Waits until element specified with `locator` is visible.</doc>
<status status="PASS" start="2025-08-06T19:00:23.727094" elapsed="0.589486"/>
</kw>
<kw name="Click Element" owner="AppiumLibrary">
<msg time="2025-08-06T19:00:24.319726" level="INFO">Clicking element 'xpath=//android.widget.Button[@content-desc="Add"]'.</msg>
<msg time="2025-08-06T19:00:24.525995" level="INFO">xpath criteria: //android.widget.Button[@content-desc="Add"]</msg>
<arg>${btn_add}</arg>
<doc>Click element identified by `locator`.</doc>
<status status="PASS" start="2025-08-06T19:00:24.318133" elapsed="0.207862"/>
</kw>
<status status="PASS" start="2025-08-06T19:00:23.727094" elapsed="0.798901"/>
</kw>
<arg>${item}</arg>
<status status="PASS" start="2025-08-06T19:00:22.681143" elapsed="1.844852"/>
</kw>
<kw name="The Todo item should be displayed as" owner="LoginPO">
<kw name="Element Should Be Visible" owner="AppiumLibrary">
<msg time="2025-08-06T19:00:25.144633" level="INFO">xpath criteria: //android.view.View[contains(@content-desc, "Haircut")]</msg>
<arg>xpath=//android.view.View[contains(@content-desc, "${todo_item}")]</arg>
<doc>Verifies that element identified with locator is visible.</doc>
<status status="PASS" start="2025-08-06T19:00:24.525995" elapsed="0.618638"/>
</kw>
<arg>${item}</arg>
<status status="PASS" start="2025-08-06T19:00:24.525995" elapsed="0.618638"/>
</kw>
<var name="${item}">Haircut</var>
<status status="PASS" start="2025-08-06T19:00:22.679551" elapsed="2.465082"/>
</iter>
<iter>
<kw name="I add a Todo item titled" owner="LoginPO">
<kw name="Click Element" owner="AppiumLibrary">
<msg time="2025-08-06T19:00:25.147955" level="INFO">Clicking element 'xpath=(//android.widget.EditText)[1]'.</msg>
<msg time="2025-08-06T19:00:25.309005" level="INFO">xpath criteria: (//android.widget.EditText)[1]</msg>
<arg>${txt_todo_container}</arg>
<doc>Click element identified by `locator`.</doc>
<status status="PASS" start="2025-08-06T19:00:25.146888" elapsed="0.163787"/>
</kw>
<kw name="Get Element Attribute" owner="AppiumLibrary">
<msg time="2025-08-06T19:00:26.032333" level="INFO">Element 'xpath=(//android.widget.EditText)[2]' attribute 'focused' value 'true' </msg>
<msg time="2025-08-06T19:00:26.032333" level="INFO">xpath criteria: (//android.widget.EditText)[2]</msg>
<msg time="2025-08-06T19:00:26.032333" level="INFO">${focused} = true</msg>
<var>${focused}</var>
<arg>${txt_todo_input}</arg>
<arg>focused</arg>
<doc>Get element attribute using given attribute: name, value,...</doc>
<status status="PASS" start="2025-08-06T19:00:25.310675" elapsed="0.721658"/>
</kw>
<kw name="Should Be Equal" owner="BuiltIn">
<arg>${focused}</arg>
<arg>true</arg>
<doc>Fails if the given objects are unequal.</doc>
<status status="PASS" start="2025-08-06T19:00:26.032333" elapsed="0.000000"/>
</kw>
<kw name="Input Text" owner="AppiumLibrary">
<msg time="2025-08-06T19:00:26.034014" level="INFO">Typing text 'Clean the house' into text field 'xpath=(//android.widget.EditText)[2]'</msg>
<msg time="2025-08-06T19:00:26.267881" level="INFO">xpath criteria: (//android.widget.EditText)[2]</msg>
<arg>${txt_todo_input}</arg>
<arg>${todo_item}</arg>
<doc>Types the given `text` into text field identified by `locator`.</doc>
<status status="PASS" start="2025-08-06T19:00:26.032333" elapsed="0.235548"/>
</kw>
<kw name="I click the add button" owner="LoginPO">
<kw name="Wait Until Element Is Visible" owner="AppiumLibrary">
<msg time="2025-08-06T19:00:26.838376" level="INFO">xpath criteria: //android.widget.Button[@content-desc="Add"]</msg>
<arg>${btn_add}</arg>
<arg>10s</arg>
<doc>Waits until element specified with `locator` is visible.</doc>
<status status="PASS" start="2025-08-06T19:00:26.268891" elapsed="0.569485"/>
</kw>
<kw name="Click Element" owner="AppiumLibrary">
<msg time="2025-08-06T19:00:26.841552" level="INFO">Clicking element 'xpath=//android.widget.Button[@content-desc="Add"]'.</msg>
<msg time="2025-08-06T19:00:27.170652" level="INFO">xpath criteria: //android.widget.Button[@content-desc="Add"]</msg>
<arg>${btn_add}</arg>
<doc>Click element identified by `locator`.</doc>
<status status="PASS" start="2025-08-06T19:00:26.838376" elapsed="0.332276"/>
</kw>
<status status="PASS" start="2025-08-06T19:00:26.268891" elapsed="0.901761"/>
</kw>
<arg>${item}</arg>
<status status="PASS" start="2025-08-06T19:00:25.146237" elapsed="2.024415"/>
</kw>
<kw name="The Todo item should be displayed as" owner="LoginPO">
<kw name="Element Should Be Visible" owner="AppiumLibrary">
<msg time="2025-08-06T19:00:27.786231" level="INFO">xpath criteria: //android.view.View[contains(@content-desc, "Clean the house")]</msg>
<arg>xpath=//android.view.View[contains(@content-desc, "${todo_item}")]</arg>
<doc>Verifies that element identified with locator is visible.</doc>
<status status="PASS" start="2025-08-06T19:00:27.172205" elapsed="0.614026"/>
</kw>
<arg>${item}</arg>
<status status="PASS" start="2025-08-06T19:00:27.172205" elapsed="0.614026"/>
</kw>
<var name="${item}">Clean the house</var>
<status status="PASS" start="2025-08-06T19:00:25.144633" elapsed="2.641598"/>
</iter>
<iter>
<kw name="I add a Todo item titled" owner="LoginPO">
<kw name="Click Element" owner="AppiumLibrary">
<msg time="2025-08-06T19:00:27.787822" level="INFO">Clicking element 'xpath=(//android.widget.EditText)[1]'.</msg>
<msg time="2025-08-06T19:00:28.038265" level="INFO">xpath criteria: (//android.widget.EditText)[1]</msg>
<arg>${txt_todo_container}</arg>
<doc>Click element identified by `locator`.</doc>
<status status="PASS" start="2025-08-06T19:00:27.786231" elapsed="0.252034"/>
</kw>
<kw name="Get Element Attribute" owner="AppiumLibrary">
<msg time="2025-08-06T19:00:28.859732" level="INFO">Element 'xpath=(//android.widget.EditText)[2]' attribute 'focused' value 'true' </msg>
<msg time="2025-08-06T19:00:28.860509" level="INFO">xpath criteria: (//android.widget.EditText)[2]</msg>
<msg time="2025-08-06T19:00:28.860509" level="INFO">${focused} = true</msg>
<var>${focused}</var>
<arg>${txt_todo_input}</arg>
<arg>focused</arg>
<doc>Get element attribute using given attribute: name, value,...</doc>
<status status="PASS" start="2025-08-06T19:00:28.038265" elapsed="0.822244"/>
</kw>
<kw name="Should Be Equal" owner="BuiltIn">
<arg>${focused}</arg>
<arg>true</arg>
<doc>Fails if the given objects are unequal.</doc>
<status status="PASS" start="2025-08-06T19:00:28.860509" elapsed="0.000000"/>
</kw>
<kw name="Input Text" owner="AppiumLibrary">
<msg time="2025-08-06T19:00:28.862137" level="INFO">Typing text 'Bathe my dog' into text field 'xpath=(//android.widget.EditText)[2]'</msg>
<msg time="2025-08-06T19:00:29.015841" level="INFO">xpath criteria: (//android.widget.EditText)[2]</msg>
<arg>${txt_todo_input}</arg>
<arg>${todo_item}</arg>
<doc>Types the given `text` into text field identified by `locator`.</doc>
<status status="PASS" start="2025-08-06T19:00:28.860509" elapsed="0.155332"/>
</kw>
<kw name="I click the add button" owner="LoginPO">
<kw name="Wait Until Element Is Visible" owner="AppiumLibrary">
<msg time="2025-08-06T19:00:29.598078" level="INFO">xpath criteria: //android.widget.Button[@content-desc="Add"]</msg>
<arg>${btn_add}</arg>
<arg>10s</arg>
<doc>Waits until element specified with `locator` is visible.</doc>
<status status="PASS" start="2025-08-06T19:00:29.015841" elapsed="0.582237"/>
</kw>
<kw name="Click Element" owner="AppiumLibrary">
<msg time="2025-08-06T19:00:29.601066" level="INFO">Clicking element 'xpath=//android.widget.Button[@content-desc="Add"]'.</msg>
<msg time="2025-08-06T19:00:29.862635" level="INFO">xpath criteria: //android.widget.Button[@content-desc="Add"]</msg>
<arg>${btn_add}</arg>
<doc>Click element identified by `locator`.</doc>
<status status="PASS" start="2025-08-06T19:00:29.599363" elapsed="0.263272"/>
</kw>
<status status="PASS" start="2025-08-06T19:00:29.015841" elapsed="0.846794"/>
</kw>
<arg>${item}</arg>
<status status="PASS" start="2025-08-06T19:00:27.786231" elapsed="2.076404"/>
</kw>
<kw name="The Todo item should be displayed as" owner="LoginPO">
<kw name="Element Should Be Visible" owner="AppiumLibrary">
<msg time="2025-08-06T19:00:30.457303" level="INFO">xpath criteria: //android.view.View[contains(@content-desc, "Bathe my dog")]</msg>
<arg>xpath=//android.view.View[contains(@content-desc, "${todo_item}")]</arg>
<doc>Verifies that element identified with locator is visible.</doc>
<status status="PASS" start="2025-08-06T19:00:29.862635" elapsed="0.594668"/>
</kw>
<arg>${item}</arg>
<status status="PASS" start="2025-08-06T19:00:29.862635" elapsed="0.594668"/>
</kw>
<var name="${item}">Bathe my dog</var>
<status status="PASS" start="2025-08-06T19:00:27.786231" elapsed="2.671072"/>
</iter>
<var>${item}</var>
<value>@{todo_items}</value>
<status status="PASS" start="2025-08-06T19:00:16.755917" elapsed="13.701386"/>
</for>
<arg>@{todo_items}</arg>
<status status="PASS" start="2025-08-06T19:00:16.755409" elapsed="13.701894"/>
</kw>
<kw name="Get Length" owner="BuiltIn">
<msg time="2025-08-06T19:00:30.457303" level="INFO">Length is 5.</msg>
<msg time="2025-08-06T19:00:30.457303" level="INFO">${expected_count} = 5</msg>
<var>${expected_count}</var>
<arg>${todo_items}</arg>
<doc>Returns and logs the length of the given item as an integer.</doc>
<status status="PASS" start="2025-08-06T19:00:30.457303" elapsed="0.000000"/>
</kw>
<kw name="Then The todo items count label should be" owner="LoginPO">
<kw name="Get Element Attribute" owner="AppiumLibrary">
<msg time="2025-08-06T19:00:30.626085" level="INFO">Element 'xpath=//android.view.View[contains(@content-desc, "todo-counter")]' attribute 'content-desc' value 'todo-counter
5 items' </msg>
<msg time="2025-08-06T19:00:30.626085" level="INFO">xpath criteria: //android.view.View[contains(@content-desc, "todo-counter")]</msg>
<msg time="2025-08-06T19:00:30.626085" level="INFO">${label_text} = todo-counter
5 items</msg>
<var>${label_text}</var>
<arg>${lbl_todo_counter}</arg>
<arg>content-desc</arg>
<doc>Get element attribute using given attribute: name, value,...</doc>
<status status="PASS" start="2025-08-06T19:00:30.458936" elapsed="0.167149"/>
</kw>
<kw name="Extract Todo Count" owner="TodoUtils">
<msg time="2025-08-06T19:00:30.626085" level="INFO">${actual_count} = 5</msg>
<var>${actual_count}</var>
<arg>${label_text}</arg>
<doc>Extracts the numeric todo count from the second line of the given counter_text.
Assumes the text format is:
    todo-counter
    0 items</doc>
<status status="PASS" start="2025-08-06T19:00:30.626085" elapsed="0.000000"/>
</kw>
<kw name="Should Be Equal As Integers" owner="BuiltIn">
<arg>${actual_count}</arg>
<arg>${expected_count}</arg>
<arg>Label count incorrect</arg>
<doc>Fails if objects are unequal after converting them to integers.</doc>
<status status="PASS" start="2025-08-06T19:00:30.626085" elapsed="0.000000"/>
</kw>
<arg>${expected_count}</arg>
<status status="PASS" start="2025-08-06T19:00:30.458936" elapsed="0.167149"/>
</kw>
<kw name="And The total number of todo items in the list should be" owner="LoginPO">
<kw name="Get Webelements" owner="AppiumLibrary">
<msg time="2025-08-06T19:00:30.720214" level="INFO">xpath criteria: //android.view.View[contains(@content-desc, "todo-item-")]</msg>
<msg time="2025-08-06T19:00:30.720214" level="INFO">${todo_elements} = [&lt;appium.webdriver.webelement.WebElement (session="83e6bafe-195a-4ad1-8cc6-66d688d4745d", element="00000000-0000-1c44-0000-000f00000003")&gt;, &lt;appium.webdriver.webelement.WebElement (session="83e6bafe-1...</msg>
<var>${todo_elements}</var>
<arg>xpath=//android.view.View[contains(@content-desc, "todo-item-")]</arg>
<doc>Returns list of [http://selenium-python.readthedocs.io/api.html#module-selenium.webdriver.remote.webelement|WebElement] objects matching ``locator``.</doc>
<status status="PASS" start="2025-08-06T19:00:30.627607" elapsed="0.092607"/>
</kw>
<kw name="Get Length" owner="BuiltIn">
<msg time="2025-08-06T19:00:30.720214" level="INFO">Length is 5.</msg>
<msg time="2025-08-06T19:00:30.720214" level="INFO">${actual_count} = 5</msg>
<var>${actual_count}</var>
<arg>${todo_elements}</arg>
<doc>Returns and logs the length of the given item as an integer.</doc>
<status status="PASS" start="2025-08-06T19:00:30.720214" elapsed="0.000000"/>
</kw>
<kw name="Should Be Equal As Integers" owner="BuiltIn">
<arg>${actual_count}</arg>
<arg>${expected_count}</arg>
<arg>List count incorrect</arg>
<doc>Fails if objects are unequal after converting them to integers.</doc>
<status status="PASS" start="2025-08-06T19:00:30.720214" elapsed="0.001543"/>
</kw>
<arg>${expected_count}</arg>
<doc>Gets the count of actual todo items in the UI based on matching views</doc>
<status status="PASS" start="2025-08-06T19:00:30.627099" elapsed="0.094658"/>
</kw>
<kw name="End result" owner="Common" type="TEARDOWN">
<kw name="Close Application" owner="AppiumLibrary">
<doc>Closes the current application and also close webdriver session.</doc>
<status status="PASS" start="2025-08-06T19:00:30.721757" elapsed="0.695366"/>
</kw>
<status status="PASS" start="2025-08-06T19:00:30.721757" elapsed="0.695366"/>
</kw>
<tag>e2e</tag>
<status status="PASS" start="2025-08-06T19:00:11.397901" elapsed="20.019222"/>
</test>
<test id="s1-s1-t3" name="Validate that todo input field will be cleared after adding an item" line="34">
<kw name="Setup Test Environment" owner="Common" type="SETUP">
<kw name="Run Keyword If" owner="BuiltIn">
<kw name="testSetupLocal" owner="Common">
<kw name="Open Application" owner="AppiumLibrary">
<arg>${REMOTE_URL}</arg>
<arg>platformName=${PLATFORM_NAME}</arg>
<arg>platformVersion=${platformVersion}</arg>
<arg>deviceName=${deviceName}</arg>
<arg>automationName=UiAutomator2</arg>
<arg>appActivity=${ACTIVITY_NAME}</arg>
<arg>appPackage=${PACKAGE_NAME}</arg>
<arg>noReset=${NO_RESET}</arg>
<doc>Opens a new application to given Appium server.
Capabilities of appium server, Android and iOS,
Please check https://appium.io/docs/en/2.19/guides/caps/
| *Option*            | *Man.* | *Description*     |
| remote_url          | Yes    | Appium server url |
| alias               | No     | alias             |</doc>
<status status="PASS" start="2025-08-06T19:00:31.418672" elapsed="4.532885"/>
</kw>
<status status="PASS" start="2025-08-06T19:00:31.418672" elapsed="4.532885"/>
</kw>
<arg>'${environmentToRunTest}'=='LOCAL'</arg>
<arg>testSetupLocal</arg>
<arg>ELSE IF</arg>
<arg>'${environmentToRunTest}'=='BROWSERSTACK'</arg>
<arg>testSetupBrowserStack</arg>
<arg>ELSE</arg>
<arg>Log</arg>
<arg>Setup Test Environment went wrong. Please check the value of the variable 'environmentToRunTest'.</arg>
<doc>Runs the given keyword with the given arguments, if ``condition`` is true.</doc>
<status status="PASS" start="2025-08-06T19:00:31.418672" elapsed="4.532885"/>
</kw>
<doc>Generic local test setup</doc>
<status status="PASS" start="2025-08-06T19:00:31.418672" elapsed="4.532885"/>
</kw>
<kw name="Given I open the application" owner="LoginPO">
<kw name="Wait Until Element Is Visible" owner="AppiumLibrary">
<msg time="2025-08-06T19:00:36.808014" level="INFO">xpath criteria: //android.view.View[@content-desc="Todo App"]</msg>
<arg>${lbl_home_brand}</arg>
<arg>10s</arg>
<doc>Waits until element specified with `locator` is visible.</doc>
<status status="PASS" start="2025-08-06T19:00:35.952070" elapsed="0.855944"/>
</kw>
<kw name="Get Element Attribute" owner="AppiumLibrary">
<msg time="2025-08-06T19:00:36.873436" level="INFO">Element 'xpath=//android.view.View[@content-desc="Todo App"]' attribute 'content-desc' value 'Todo App' </msg>
<msg time="2025-08-06T19:00:36.873436" level="INFO">xpath criteria: //android.view.View[@content-desc="Todo App"]</msg>
<msg time="2025-08-06T19:00:36.875084" level="INFO">${actual_desc} = Todo App</msg>
<var>${actual_desc}</var>
<arg>${lbl_home_brand}</arg>
<arg>content-desc</arg>
<doc>Get element attribute using given attribute: name, value,...</doc>
<status status="PASS" start="2025-08-06T19:00:36.808014" elapsed="0.067070"/>
</kw>
<kw name="Should Be Equal" owner="BuiltIn">
<arg>${actual_desc}</arg>
<arg>${expected_home_desc}</arg>
<doc>Fails if the given objects are unequal.</doc>
<status status="PASS" start="2025-08-06T19:00:36.875084" elapsed="0.000000"/>
</kw>
<status status="PASS" start="2025-08-06T19:00:35.952070" elapsed="0.923014"/>
</kw>
<kw name="When I add a todo item titled" owner="LoginPO">
<kw name="Click Element" owner="AppiumLibrary">
<msg time="2025-08-06T19:00:36.877549" level="INFO">Clicking element 'xpath=(//android.widget.EditText)[1]'.</msg>
<msg time="2025-08-06T19:00:36.999581" level="INFO">xpath criteria: (//android.widget.EditText)[1]</msg>
<arg>${txt_todo_container}</arg>
<doc>Click element identified by `locator`.</doc>
<status status="PASS" start="2025-08-06T19:00:36.875084" elapsed="0.124497"/>
</kw>
<kw name="Get Element Attribute" owner="AppiumLibrary">
<msg time="2025-08-06T19:00:38.198971" level="INFO">Element 'xpath=(//android.widget.EditText)[2]' attribute 'focused' value 'true' </msg>
<msg time="2025-08-06T19:00:38.198971" level="INFO">xpath criteria: (//android.widget.EditText)[2]</msg>
<msg time="2025-08-06T19:00:38.198971" level="INFO">${focused} = true</msg>
<var>${focused}</var>
<arg>${txt_todo_input}</arg>
<arg>focused</arg>
<doc>Get element attribute using given attribute: name, value,...</doc>
<status status="PASS" start="2025-08-06T19:00:36.999581" elapsed="1.199390"/>
</kw>
<kw name="Should Be Equal" owner="BuiltIn">
<arg>${focused}</arg>
<arg>true</arg>
<doc>Fails if the given objects are unequal.</doc>
<status status="PASS" start="2025-08-06T19:00:38.198971" elapsed="0.000000"/>
</kw>
<kw name="Input Text" owner="AppiumLibrary">
<msg time="2025-08-06T19:00:38.202335" level="INFO">Typing text 'Buy Groceries' into text field 'xpath=(//android.widget.EditText)[2]'</msg>
<msg time="2025-08-06T19:00:38.370982" level="INFO">xpath criteria: (//android.widget.EditText)[2]</msg>
<arg>${txt_todo_input}</arg>
<arg>${todo_item}</arg>
<doc>Types the given `text` into text field identified by `locator`.</doc>
<status status="PASS" start="2025-08-06T19:00:38.198971" elapsed="0.172011"/>
</kw>
<kw name="I click the add button" owner="LoginPO">
<kw name="Wait Until Element Is Visible" owner="AppiumLibrary">
<msg time="2025-08-06T19:00:38.952154" level="INFO">xpath criteria: //android.widget.Button[@content-desc="Add"]</msg>
<arg>${btn_add}</arg>
<arg>10s</arg>
<doc>Waits until element specified with `locator` is visible.</doc>
<status status="PASS" start="2025-08-06T19:00:38.371488" elapsed="0.580666"/>
</kw>
<kw name="Click Element" owner="AppiumLibrary">
<msg time="2025-08-06T19:00:38.954837" level="INFO">Clicking element 'xpath=//android.widget.Button[@content-desc="Add"]'.</msg>
<msg time="2025-08-06T19:00:39.166328" level="INFO">xpath criteria: //android.widget.Button[@content-desc="Add"]</msg>
<arg>${btn_add}</arg>
<doc>Click element identified by `locator`.</doc>
<status status="PASS" start="2025-08-06T19:00:38.952154" elapsed="0.214174"/>
</kw>
<status status="PASS" start="2025-08-06T19:00:38.370982" elapsed="0.795346"/>
</kw>
<arg>Buy Groceries</arg>
<status status="PASS" start="2025-08-06T19:00:36.875084" elapsed="2.291244"/>
</kw>
<kw name="Then The Todo input field should be empty" owner="LoginPO">
<kw name="Get Text" owner="AppiumLibrary">
<msg time="2025-08-06T19:00:39.908254" level="INFO">Element 'xpath=(//android.widget.EditText)[2]' text is '' </msg>
<msg time="2025-08-06T19:00:39.908254" level="INFO">xpath criteria: (//android.widget.EditText)[2]</msg>
<msg time="2025-08-06T19:00:39.908254" level="INFO">${text} = </msg>
<var>${text}</var>
<arg>${txt_todo_input}</arg>
<doc>Get element text (for hybrid and mobile browser use `xpath` locator, others might cause problem)</doc>
<status status="PASS" start="2025-08-06T19:00:39.166328" elapsed="0.741926"/>
</kw>
<kw name="Should Be Empty" owner="BuiltIn">
<msg time="2025-08-06T19:00:39.908860" level="INFO">Length is 0.</msg>
<arg>${text}</arg>
<doc>Verifies that the given item is empty.</doc>
<status status="PASS" start="2025-08-06T19:00:39.908860" elapsed="0.000000"/>
</kw>
<status status="PASS" start="2025-08-06T19:00:39.166328" elapsed="0.742532"/>
</kw>
<kw name="End result" owner="Common" type="TEARDOWN">
<kw name="Close Application" owner="AppiumLibrary">
<doc>Closes the current application and also close webdriver session.</doc>
<status status="PASS" start="2025-08-06T19:00:39.908860" elapsed="0.774300"/>
</kw>
<status status="PASS" start="2025-08-06T19:00:39.908860" elapsed="0.774300"/>
</kw>
<tag>e2e</tag>
<status status="PASS" start="2025-08-06T19:00:31.417123" elapsed="9.266037"/>
</test>
<test id="s1-s1-t4" name="Validate character counter for empty todo input" line="39">
<kw name="Setup Test Environment" owner="Common" type="SETUP">
<kw name="Run Keyword If" owner="BuiltIn">
<kw name="testSetupLocal" owner="Common">
<kw name="Open Application" owner="AppiumLibrary">
<arg>${REMOTE_URL}</arg>
<arg>platformName=${PLATFORM_NAME}</arg>
<arg>platformVersion=${platformVersion}</arg>
<arg>deviceName=${deviceName}</arg>
<arg>automationName=UiAutomator2</arg>
<arg>appActivity=${ACTIVITY_NAME}</arg>
<arg>appPackage=${PACKAGE_NAME}</arg>
<arg>noReset=${NO_RESET}</arg>
<doc>Opens a new application to given Appium server.
Capabilities of appium server, Android and iOS,
Please check https://appium.io/docs/en/2.19/guides/caps/
| *Option*            | *Man.* | *Description*     |
| remote_url          | Yes    | Appium server url |
| alias               | No     | alias             |</doc>
<status status="PASS" start="2025-08-06T19:00:40.686467" elapsed="4.650323"/>
</kw>
<status status="PASS" start="2025-08-06T19:00:40.686467" elapsed="4.650323"/>
</kw>
<arg>'${environmentToRunTest}'=='LOCAL'</arg>
<arg>testSetupLocal</arg>
<arg>ELSE IF</arg>
<arg>'${environmentToRunTest}'=='BROWSERSTACK'</arg>
<arg>testSetupBrowserStack</arg>
<arg>ELSE</arg>
<arg>Log</arg>
<arg>Setup Test Environment went wrong. Please check the value of the variable 'environmentToRunTest'.</arg>
<doc>Runs the given keyword with the given arguments, if ``condition`` is true.</doc>
<status status="PASS" start="2025-08-06T19:00:40.684798" elapsed="4.651992"/>
</kw>
<doc>Generic local test setup</doc>
<status status="PASS" start="2025-08-06T19:00:40.684798" elapsed="4.651992"/>
</kw>
<kw name="Given I open the application" owner="LoginPO">
<kw name="Wait Until Element Is Visible" owner="AppiumLibrary">
<msg time="2025-08-06T19:00:46.134514" level="INFO">xpath criteria: //android.view.View[@content-desc="Todo App"]</msg>
<arg>${lbl_home_brand}</arg>
<arg>10s</arg>
<doc>Waits until element specified with `locator` is visible.</doc>
<status status="PASS" start="2025-08-06T19:00:45.338328" elapsed="0.796186"/>
</kw>
<kw name="Get Element Attribute" owner="AppiumLibrary">
<msg time="2025-08-06T19:00:46.200623" level="INFO">Element 'xpath=//android.view.View[@content-desc="Todo App"]' attribute 'content-desc' value 'Todo App' </msg>
<msg time="2025-08-06T19:00:46.200623" level="INFO">xpath criteria: //android.view.View[@content-desc="Todo App"]</msg>
<msg time="2025-08-06T19:00:46.200623" level="INFO">${actual_desc} = Todo App</msg>
<var>${actual_desc}</var>
<arg>${lbl_home_brand}</arg>
<arg>content-desc</arg>
<doc>Get element attribute using given attribute: name, value,...</doc>
<status status="PASS" start="2025-08-06T19:00:46.134514" elapsed="0.066109"/>
</kw>
<kw name="Should Be Equal" owner="BuiltIn">
<arg>${actual_desc}</arg>
<arg>${expected_home_desc}</arg>
<doc>Fails if the given objects are unequal.</doc>
<status status="PASS" start="2025-08-06T19:00:46.200623" elapsed="0.000000"/>
</kw>
<status status="PASS" start="2025-08-06T19:00:45.337820" elapsed="0.864454"/>
</kw>
<kw name="When I type a todo item with length" owner="LoginPO">
<kw name="Click Element" owner="AppiumLibrary">
<msg time="2025-08-06T19:00:46.203406" level="INFO">Clicking element 'xpath=(//android.widget.EditText)[1]'.</msg>
<msg time="2025-08-06T19:00:46.320110" level="INFO">xpath criteria: (//android.widget.EditText)[1]</msg>
<arg>${txt_todo_container}</arg>
<doc>Click element identified by `locator`.</doc>
<status status="PASS" start="2025-08-06T19:00:46.202274" elapsed="0.118358"/>
</kw>
<kw name="Get Element Attribute" owner="AppiumLibrary">
<msg time="2025-08-06T19:00:47.505460" level="INFO">Element 'xpath=(//android.widget.EditText)[2]' attribute 'focused' value 'true' </msg>
<msg time="2025-08-06T19:00:47.505460" level="INFO">xpath criteria: (//android.widget.EditText)[2]</msg>
<msg time="2025-08-06T19:00:47.505460" level="INFO">${focused} = true</msg>
<var>${focused}</var>
<arg>${txt_todo_input}</arg>
<arg>focused</arg>
<doc>Get element attribute using given attribute: name, value,...</doc>
<status status="PASS" start="2025-08-06T19:00:46.320632" elapsed="1.184828"/>
</kw>
<kw name="Should Be Equal" owner="BuiltIn">
<arg>${focused}</arg>
<arg>true</arg>
<doc>Fails if the given objects are unequal.</doc>
<status status="PASS" start="2025-08-06T19:00:47.505460" elapsed="0.000000"/>
</kw>
<kw name="Generate Random String" owner="String">
<msg time="2025-08-06T19:00:47.506055" level="INFO">${todo_item} = </msg>
<var>${todo_item}</var>
<arg>${input_length}</arg>
<arg>[LETTERS]</arg>
<doc>Generates a string with a desired ``length`` from the given ``chars``.</doc>
<status status="PASS" start="2025-08-06T19:00:47.505460" elapsed="0.000595"/>
</kw>
<kw name="Input Text" owner="AppiumLibrary">
<msg time="2025-08-06T19:00:47.507442" level="INFO">Typing text '' into text field 'xpath=(//android.widget.EditText)[2]'</msg>
<msg time="2025-08-06T19:00:47.644925" level="INFO">xpath criteria: (//android.widget.EditText)[2]</msg>
<arg>${txt_todo_input}</arg>
<arg>${todo_item}</arg>
<doc>Types the given `text` into text field identified by `locator`.</doc>
<status status="PASS" start="2025-08-06T19:00:47.506055" elapsed="0.138870"/>
</kw>
<return>
<value>${todo_item}</value>
<status status="PASS" start="2025-08-06T19:00:47.644925" elapsed="0.000000"/>
</return>
<arg>0</arg>
<status status="PASS" start="2025-08-06T19:00:46.202274" elapsed="1.442651"/>
</kw>
<kw name="Then Character counter should be" owner="LoginPO">
<kw name="Set Variable" owner="BuiltIn">
<msg time="2025-08-06T19:00:47.646447" level="INFO">${max_limit} = 200</msg>
<var>${max_limit}</var>
<arg>200</arg>
<doc>Returns the given values which can then be assigned to a variables.</doc>
<status status="PASS" start="2025-08-06T19:00:47.645937" elapsed="0.000510"/>
</kw>
<kw name="Evaluate" owner="BuiltIn">
<msg time="2025-08-06T19:00:47.646447" level="INFO">${remaining} = 200</msg>
<var>${remaining}</var>
<arg>${max_limit} - ${input_length}</arg>
<doc>Evaluates the given expression in Python and returns the result.</doc>
<status status="PASS" start="2025-08-06T19:00:47.646447" elapsed="0.000000"/>
</kw>
<kw name="Run Keyword If" owner="BuiltIn">
<kw name="Element Should Be Visible" owner="AppiumLibrary">
<msg time="2025-08-06T19:00:47.750539" level="INFO">xpath criteria: //android.view.View[contains(@content-desc, "200 characters remaining")]</msg>
<arg>xpath=//android.view.View[contains(@content-desc, "${remaining} characters remaining")]</arg>
<doc>Verifies that element identified with locator is visible.</doc>
<status status="PASS" start="2025-08-06T19:00:47.647455" elapsed="0.103084"/>
</kw>
<arg>${remaining} == 0</arg>
<arg>Element Should Be Visible</arg>
<arg>xpath=//android.view.View[@content-desc="No characters remaining"]</arg>
<arg>ELSE</arg>
<arg>Element Should Be Visible</arg>
<arg>xpath=//android.view.View[contains(@content-desc, "${remaining} characters remaining")]</arg>
<doc>Runs the given keyword with the given arguments, if ``condition`` is true.</doc>
<status status="PASS" start="2025-08-06T19:00:47.646447" elapsed="0.104092"/>
</kw>
<arg>0</arg>
<status status="PASS" start="2025-08-06T19:00:47.645937" elapsed="0.105609"/>
</kw>
<kw name="End result" owner="Common" type="TEARDOWN">
<kw name="Close Application" owner="AppiumLibrary">
<doc>Closes the current application and also close webdriver session.</doc>
<status status="PASS" start="2025-08-06T19:00:47.751961" elapsed="0.719815"/>
</kw>
<status status="PASS" start="2025-08-06T19:00:47.751961" elapsed="0.719815"/>
</kw>
<tag>e2e</tag>
<status status="PASS" start="2025-08-06T19:00:40.684798" elapsed="7.786978"/>
</test>
<test id="s1-s1-t5" name="Validate that nothing happens when I click add with empty input" line="44">
<kw name="Setup Test Environment" owner="Common" type="SETUP">
<kw name="Run Keyword If" owner="BuiltIn">
<kw name="testSetupLocal" owner="Common">
<kw name="Open Application" owner="AppiumLibrary">
<arg>${REMOTE_URL}</arg>
<arg>platformName=${PLATFORM_NAME}</arg>
<arg>platformVersion=${platformVersion}</arg>
<arg>deviceName=${deviceName}</arg>
<arg>automationName=UiAutomator2</arg>
<arg>appActivity=${ACTIVITY_NAME}</arg>
<arg>appPackage=${PACKAGE_NAME}</arg>
<arg>noReset=${NO_RESET}</arg>
<doc>Opens a new application to given Appium server.
Capabilities of appium server, Android and iOS,
Please check https://appium.io/docs/en/2.19/guides/caps/
| *Option*            | *Man.* | *Description*     |
| remote_url          | Yes    | Appium server url |
| alias               | No     | alias             |</doc>
<status status="PASS" start="2025-08-06T19:00:48.473346" elapsed="4.662095"/>
</kw>
<status status="PASS" start="2025-08-06T19:00:48.473346" elapsed="4.662095"/>
</kw>
<arg>'${environmentToRunTest}'=='LOCAL'</arg>
<arg>testSetupLocal</arg>
<arg>ELSE IF</arg>
<arg>'${environmentToRunTest}'=='BROWSERSTACK'</arg>
<arg>testSetupBrowserStack</arg>
<arg>ELSE</arg>
<arg>Log</arg>
<arg>Setup Test Environment went wrong. Please check the value of the variable 'environmentToRunTest'.</arg>
<doc>Runs the given keyword with the given arguments, if ``condition`` is true.</doc>
<status status="PASS" start="2025-08-06T19:00:48.471776" elapsed="4.663665"/>
</kw>
<doc>Generic local test setup</doc>
<status status="PASS" start="2025-08-06T19:00:48.471776" elapsed="4.663665"/>
</kw>
<kw name="Given I open the application" owner="LoginPO">
<kw name="Wait Until Element Is Visible" owner="AppiumLibrary">
<msg time="2025-08-06T19:00:53.983301" level="INFO">xpath criteria: //android.view.View[@content-desc="Todo App"]</msg>
<arg>${lbl_home_brand}</arg>
<arg>10s</arg>
<doc>Waits until element specified with `locator` is visible.</doc>
<status status="PASS" start="2025-08-06T19:00:53.135441" elapsed="0.847860"/>
</kw>
<kw name="Get Element Attribute" owner="AppiumLibrary">
<msg time="2025-08-06T19:00:54.035594" level="INFO">Element 'xpath=//android.view.View[@content-desc="Todo App"]' attribute 'content-desc' value 'Todo App' </msg>
<msg time="2025-08-06T19:00:54.035594" level="INFO">xpath criteria: //android.view.View[@content-desc="Todo App"]</msg>
<msg time="2025-08-06T19:00:54.035594" level="INFO">${actual_desc} = Todo App</msg>
<var>${actual_desc}</var>
<arg>${lbl_home_brand}</arg>
<arg>content-desc</arg>
<doc>Get element attribute using given attribute: name, value,...</doc>
<status status="PASS" start="2025-08-06T19:00:53.983301" elapsed="0.052293"/>
</kw>
<kw name="Should Be Equal" owner="BuiltIn">
<arg>${actual_desc}</arg>
<arg>${expected_home_desc}</arg>
<doc>Fails if the given objects are unequal.</doc>
<status status="PASS" start="2025-08-06T19:00:54.036114" elapsed="0.000000"/>
</kw>
<status status="PASS" start="2025-08-06T19:00:53.135441" elapsed="0.900673"/>
</kw>
<kw name="When I type a todo item with length" owner="LoginPO">
<kw name="Click Element" owner="AppiumLibrary">
<msg time="2025-08-06T19:00:54.037748" level="INFO">Clicking element 'xpath=(//android.widget.EditText)[1]'.</msg>
<msg time="2025-08-06T19:00:54.138205" level="INFO">xpath criteria: (//android.widget.EditText)[1]</msg>
<arg>${txt_todo_container}</arg>
<doc>Click element identified by `locator`.</doc>
<status status="PASS" start="2025-08-06T19:00:54.036629" elapsed="0.101576"/>
</kw>
<kw name="Get Element Attribute" owner="AppiumLibrary">
<msg time="2025-08-06T19:00:55.303017" level="INFO">Element 'xpath=(//android.widget.EditText)[2]' attribute 'focused' value 'true' </msg>
<msg time="2025-08-06T19:00:55.303017" level="INFO">xpath criteria: (//android.widget.EditText)[2]</msg>
<msg time="2025-08-06T19:00:55.303017" level="INFO">${focused} = true</msg>
<var>${focused}</var>
<arg>${txt_todo_input}</arg>
<arg>focused</arg>
<doc>Get element attribute using given attribute: name, value,...</doc>
<status status="PASS" start="2025-08-06T19:00:54.138725" elapsed="1.164292"/>
</kw>
<kw name="Should Be Equal" owner="BuiltIn">
<arg>${focused}</arg>
<arg>true</arg>
<doc>Fails if the given objects are unequal.</doc>
<status status="PASS" start="2025-08-06T19:00:55.303017" elapsed="0.000000"/>
</kw>
<kw name="Generate Random String" owner="String">
<msg time="2025-08-06T19:00:55.304741" level="INFO">${todo_item} = </msg>
<var>${todo_item}</var>
<arg>${input_length}</arg>
<arg>[LETTERS]</arg>
<doc>Generates a string with a desired ``length`` from the given ``chars``.</doc>
<status status="PASS" start="2025-08-06T19:00:55.303017" elapsed="0.001724"/>
</kw>
<kw name="Input Text" owner="AppiumLibrary">
<msg time="2025-08-06T19:00:55.304741" level="INFO">Typing text '' into text field 'xpath=(//android.widget.EditText)[2]'</msg>
<msg time="2025-08-06T19:00:55.443200" level="INFO">xpath criteria: (//android.widget.EditText)[2]</msg>
<arg>${txt_todo_input}</arg>
<arg>${todo_item}</arg>
<doc>Types the given `text` into text field identified by `locator`.</doc>
<status status="PASS" start="2025-08-06T19:00:55.304741" elapsed="0.138459"/>
</kw>
<return>
<value>${todo_item}</value>
<status status="PASS" start="2025-08-06T19:00:55.443200" elapsed="0.000000"/>
</return>
<arg>0</arg>
<status status="PASS" start="2025-08-06T19:00:54.036629" elapsed="1.406571"/>
</kw>
<kw name="And I click the add button" owner="LoginPO">
<kw name="Wait Until Element Is Visible" owner="AppiumLibrary">
<msg time="2025-08-06T19:00:55.534701" level="INFO">xpath criteria: //android.widget.Button[@content-desc="Add"]</msg>
<arg>${btn_add}</arg>
<arg>10s</arg>
<doc>Waits until element specified with `locator` is visible.</doc>
<status status="PASS" start="2025-08-06T19:00:55.444757" elapsed="0.089944"/>
</kw>
<kw name="Click Element" owner="AppiumLibrary">
<msg time="2025-08-06T19:00:55.536261" level="INFO">Clicking element 'xpath=//android.widget.Button[@content-desc="Add"]'.</msg>
<msg time="2025-08-06T19:00:55.680959" level="INFO">xpath criteria: //android.widget.Button[@content-desc="Add"]</msg>
<arg>${btn_add}</arg>
<doc>Click element identified by `locator`.</doc>
<status status="PASS" start="2025-08-06T19:00:55.534701" elapsed="0.147799"/>
</kw>
<status status="PASS" start="2025-08-06T19:00:55.443200" elapsed="0.239300"/>
</kw>
<kw name="Then The empty state message should be displayed" owner="LoginPO">
<kw name="Get Element Attribute" owner="AppiumLibrary">
<msg time="2025-08-06T19:00:56.233738" level="INFO">Element 'xpath=//android.view.View[contains(@content-desc, "empty-state")]' attribute 'content-desc' value 'empty-state
No todos yet. Add one above!' </msg>
<msg time="2025-08-06T19:00:56.233738" level="INFO">xpath criteria: //android.view.View[contains(@content-desc, "empty-state")]</msg>
<msg time="2025-08-06T19:00:56.233738" level="INFO">${actual_message} = empty-state
No todos yet. Add one above!</msg>
<var>${actual_message}</var>
<arg>${lbl_empty_state}</arg>
<arg>content-desc</arg>
<doc>Get element attribute using given attribute: name, value,...</doc>
<status status="PASS" start="2025-08-06T19:00:55.682500" elapsed="0.551238"/>
</kw>
<kw name="Should Contain" owner="BuiltIn">
<arg>${actual_message}</arg>
<arg>${expected_partial_message}</arg>
<doc>Fails if ``container`` does not contain ``item`` one or more times.</doc>
<status status="PASS" start="2025-08-06T19:00:56.233738" elapsed="0.000681"/>
</kw>
<status status="PASS" start="2025-08-06T19:00:55.682500" elapsed="0.551919"/>
</kw>
<kw name="End result" owner="Common" type="TEARDOWN">
<kw name="Close Application" owner="AppiumLibrary">
<doc>Closes the current application and also close webdriver session.</doc>
<status status="PASS" start="2025-08-06T19:00:56.234419" elapsed="0.726579"/>
</kw>
<status status="PASS" start="2025-08-06T19:00:56.234419" elapsed="0.726579"/>
</kw>
<tag>e2e</tag>
<status status="PASS" start="2025-08-06T19:00:48.471776" elapsed="8.490240"/>
</test>
<test id="s1-s1-t6" name="Validate character counter for 50 characters" line="50">
<kw name="Setup Test Environment" owner="Common" type="SETUP">
<kw name="Run Keyword If" owner="BuiltIn">
<kw name="testSetupLocal" owner="Common">
<kw name="Open Application" owner="AppiumLibrary">
<arg>${REMOTE_URL}</arg>
<arg>platformName=${PLATFORM_NAME}</arg>
<arg>platformVersion=${platformVersion}</arg>
<arg>deviceName=${deviceName}</arg>
<arg>automationName=UiAutomator2</arg>
<arg>appActivity=${ACTIVITY_NAME}</arg>
<arg>appPackage=${PACKAGE_NAME}</arg>
<arg>noReset=${NO_RESET}</arg>
<doc>Opens a new application to given Appium server.
Capabilities of appium server, Android and iOS,
Please check https://appium.io/docs/en/2.19/guides/caps/
| *Option*            | *Man.* | *Description*     |
| remote_url          | Yes    | Appium server url |
| alias               | No     | alias             |</doc>
<status status="PASS" start="2025-08-06T19:00:56.964065" elapsed="4.676014"/>
</kw>
<status status="PASS" start="2025-08-06T19:00:56.964065" elapsed="4.676014"/>
</kw>
<arg>'${environmentToRunTest}'=='LOCAL'</arg>
<arg>testSetupLocal</arg>
<arg>ELSE IF</arg>
<arg>'${environmentToRunTest}'=='BROWSERSTACK'</arg>
<arg>testSetupBrowserStack</arg>
<arg>ELSE</arg>
<arg>Log</arg>
<arg>Setup Test Environment went wrong. Please check the value of the variable 'environmentToRunTest'.</arg>
<doc>Runs the given keyword with the given arguments, if ``condition`` is true.</doc>
<status status="PASS" start="2025-08-06T19:00:56.963549" elapsed="4.677045"/>
</kw>
<doc>Generic local test setup</doc>
<status status="PASS" start="2025-08-06T19:00:56.962533" elapsed="4.678061"/>
</kw>
<kw name="Given I open the application" owner="LoginPO">
<kw name="Wait Until Element Is Visible" owner="AppiumLibrary">
<msg time="2025-08-06T19:01:02.472042" level="INFO">xpath criteria: //android.view.View[@content-desc="Todo App"]</msg>
<arg>${lbl_home_brand}</arg>
<arg>10s</arg>
<doc>Waits until element specified with `locator` is visible.</doc>
<status status="PASS" start="2025-08-06T19:01:01.641612" elapsed="0.830430"/>
</kw>
<kw name="Get Element Attribute" owner="AppiumLibrary">
<msg time="2025-08-06T19:01:02.530204" level="INFO">Element 'xpath=//android.view.View[@content-desc="Todo App"]' attribute 'content-desc' value 'Todo App' </msg>
<msg time="2025-08-06T19:01:02.530204" level="INFO">xpath criteria: //android.view.View[@content-desc="Todo App"]</msg>
<msg time="2025-08-06T19:01:02.530204" level="INFO">${actual_desc} = Todo App</msg>
<var>${actual_desc}</var>
<arg>${lbl_home_brand}</arg>
<arg>content-desc</arg>
<doc>Get element attribute using given attribute: name, value,...</doc>
<status status="PASS" start="2025-08-06T19:01:02.472042" elapsed="0.058162"/>
</kw>
<kw name="Should Be Equal" owner="BuiltIn">
<arg>${actual_desc}</arg>
<arg>${expected_home_desc}</arg>
<doc>Fails if the given objects are unequal.</doc>
<status status="PASS" start="2025-08-06T19:01:02.530204" elapsed="0.000000"/>
</kw>
<status status="PASS" start="2025-08-06T19:01:01.640594" elapsed="0.889610"/>
</kw>
<kw name="When I type a todo item with length" owner="LoginPO">
<kw name="Click Element" owner="AppiumLibrary">
<msg time="2025-08-06T19:01:02.532810" level="INFO">Clicking element 'xpath=(//android.widget.EditText)[1]'.</msg>
<msg time="2025-08-06T19:01:02.643502" level="INFO">xpath criteria: (//android.widget.EditText)[1]</msg>
<arg>${txt_todo_container}</arg>
<doc>Click element identified by `locator`.</doc>
<status status="PASS" start="2025-08-06T19:01:02.531720" elapsed="0.111782"/>
</kw>
<kw name="Get Element Attribute" owner="AppiumLibrary">
<msg time="2025-08-06T19:01:03.814936" level="INFO">Element 'xpath=(//android.widget.EditText)[2]' attribute 'focused' value 'true' </msg>
<msg time="2025-08-06T19:01:03.814936" level="INFO">xpath criteria: (//android.widget.EditText)[2]</msg>
<msg time="2025-08-06T19:01:03.815479" level="INFO">${focused} = true</msg>
<var>${focused}</var>
<arg>${txt_todo_input}</arg>
<arg>focused</arg>
<doc>Get element attribute using given attribute: name, value,...</doc>
<status status="PASS" start="2025-08-06T19:01:02.643502" elapsed="1.171977"/>
</kw>
<kw name="Should Be Equal" owner="BuiltIn">
<arg>${focused}</arg>
<arg>true</arg>
<doc>Fails if the given objects are unequal.</doc>
<status status="PASS" start="2025-08-06T19:01:03.815479" elapsed="0.000000"/>
</kw>
<kw name="Generate Random String" owner="String">
<msg time="2025-08-06T19:01:03.815479" level="INFO">${todo_item} = YLmDqSZVNSZtksdtxQKXOjxDhKuKgBxHeLYKWZTXXhJvWGJVlq</msg>
<var>${todo_item}</var>
<arg>${input_length}</arg>
<arg>[LETTERS]</arg>
<doc>Generates a string with a desired ``length`` from the given ``chars``.</doc>
<status status="PASS" start="2025-08-06T19:01:03.815479" elapsed="0.000000"/>
</kw>
<kw name="Input Text" owner="AppiumLibrary">
<msg time="2025-08-06T19:01:03.816490" level="INFO">Typing text 'YLmDqSZVNSZtksdtxQKXOjxDhKuKgBxHeLYKWZTXXhJvWGJVlq' into text field 'xpath=(//android.widget.EditText)[2]'</msg>
<msg time="2025-08-06T19:01:03.970389" level="INFO">xpath criteria: (//android.widget.EditText)[2]</msg>
<arg>${txt_todo_input}</arg>
<arg>${todo_item}</arg>
<doc>Types the given `text` into text field identified by `locator`.</doc>
<status status="PASS" start="2025-08-06T19:01:03.815479" elapsed="0.154910"/>
</kw>
<return>
<value>${todo_item}</value>
<status status="PASS" start="2025-08-06T19:01:03.972058" elapsed="0.000000"/>
</return>
<arg>50</arg>
<status status="PASS" start="2025-08-06T19:01:02.531720" elapsed="1.440338"/>
</kw>
<kw name="Then Character counter should be" owner="LoginPO">
<kw name="Set Variable" owner="BuiltIn">
<msg time="2025-08-06T19:01:03.973300" level="INFO">${max_limit} = 200</msg>
<var>${max_limit}</var>
<arg>200</arg>
<doc>Returns the given values which can then be assigned to a variables.</doc>
<status status="PASS" start="2025-08-06T19:01:03.973300" elapsed="0.000000"/>
</kw>
<kw name="Evaluate" owner="BuiltIn">
<msg time="2025-08-06T19:01:03.973924" level="INFO">${remaining} = 150</msg>
<var>${remaining}</var>
<arg>${max_limit} - ${input_length}</arg>
<doc>Evaluates the given expression in Python and returns the result.</doc>
<status status="PASS" start="2025-08-06T19:01:03.973924" elapsed="0.000000"/>
</kw>
<kw name="Run Keyword If" owner="BuiltIn">
<kw name="Element Should Be Visible" owner="AppiumLibrary">
<msg time="2025-08-06T19:01:04.679225" level="INFO">xpath criteria: //android.view.View[contains(@content-desc, "150 characters remaining")]</msg>
<arg>xpath=//android.view.View[contains(@content-desc, "${remaining} characters remaining")]</arg>
<doc>Verifies that element identified with locator is visible.</doc>
<status status="PASS" start="2025-08-06T19:01:03.974534" elapsed="0.704691"/>
</kw>
<arg>${remaining} == 0</arg>
<arg>Element Should Be Visible</arg>
<arg>xpath=//android.view.View[@content-desc="No characters remaining"]</arg>
<arg>ELSE</arg>
<arg>Element Should Be Visible</arg>
<arg>xpath=//android.view.View[contains(@content-desc, "${remaining} characters remaining")]</arg>
<doc>Runs the given keyword with the given arguments, if ``condition`` is true.</doc>
<status status="PASS" start="2025-08-06T19:01:03.973924" elapsed="0.705301"/>
</kw>
<arg>50</arg>
<status status="PASS" start="2025-08-06T19:01:03.972758" elapsed="0.706467"/>
</kw>
<kw name="End result" owner="Common" type="TEARDOWN">
<kw name="Close Application" owner="AppiumLibrary">
<doc>Closes the current application and also close webdriver session.</doc>
<status status="PASS" start="2025-08-06T19:01:04.681022" elapsed="0.758097"/>
</kw>
<status status="PASS" start="2025-08-06T19:01:04.681022" elapsed="0.758097"/>
</kw>
<tag>e2e</tag>
<status status="PASS" start="2025-08-06T19:00:56.962533" elapsed="8.476586"/>
</test>
<test id="s1-s1-t7" name="Validate character counter for 200 characters" line="55">
<kw name="Setup Test Environment" owner="Common" type="SETUP">
<kw name="Run Keyword If" owner="BuiltIn">
<kw name="testSetupLocal" owner="Common">
<kw name="Open Application" owner="AppiumLibrary">
<arg>${REMOTE_URL}</arg>
<arg>platformName=${PLATFORM_NAME}</arg>
<arg>platformVersion=${platformVersion}</arg>
<arg>deviceName=${deviceName}</arg>
<arg>automationName=UiAutomator2</arg>
<arg>appActivity=${ACTIVITY_NAME}</arg>
<arg>appPackage=${PACKAGE_NAME}</arg>
<arg>noReset=${NO_RESET}</arg>
<doc>Opens a new application to given Appium server.
Capabilities of appium server, Android and iOS,
Please check https://appium.io/docs/en/2.19/guides/caps/
| *Option*            | *Man.* | *Description*     |
| remote_url          | Yes    | Appium server url |
| alias               | No     | alias             |</doc>
<status status="PASS" start="2025-08-06T19:01:05.440727" elapsed="4.520153"/>
</kw>
<status status="PASS" start="2025-08-06T19:01:05.440727" elapsed="4.520153"/>
</kw>
<arg>'${environmentToRunTest}'=='LOCAL'</arg>
<arg>testSetupLocal</arg>
<arg>ELSE IF</arg>
<arg>'${environmentToRunTest}'=='BROWSERSTACK'</arg>
<arg>testSetupBrowserStack</arg>
<arg>ELSE</arg>
<arg>Log</arg>
<arg>Setup Test Environment went wrong. Please check the value of the variable 'environmentToRunTest'.</arg>
<doc>Runs the given keyword with the given arguments, if ``condition`` is true.</doc>
<status status="PASS" start="2025-08-06T19:01:05.440727" elapsed="4.520153"/>
</kw>
<doc>Generic local test setup</doc>
<status status="PASS" start="2025-08-06T19:01:05.440194" elapsed="4.520686"/>
</kw>
<kw name="Given I open the application" owner="LoginPO">
<kw name="Wait Until Element Is Visible" owner="AppiumLibrary">
<msg time="2025-08-06T19:01:10.916058" level="INFO">xpath criteria: //android.view.View[@content-desc="Todo App"]</msg>
<arg>${lbl_home_brand}</arg>
<arg>10s</arg>
<doc>Waits until element specified with `locator` is visible.</doc>
<status status="PASS" start="2025-08-06T19:01:09.960880" elapsed="0.955178"/>
</kw>
<kw name="Get Element Attribute" owner="AppiumLibrary">
<msg time="2025-08-06T19:01:10.972263" level="INFO">Element 'xpath=//android.view.View[@content-desc="Todo App"]' attribute 'content-desc' value 'Todo App' </msg>
<msg time="2025-08-06T19:01:10.972263" level="INFO">xpath criteria: //android.view.View[@content-desc="Todo App"]</msg>
<msg time="2025-08-06T19:01:10.972263" level="INFO">${actual_desc} = Todo App</msg>
<var>${actual_desc}</var>
<arg>${lbl_home_brand}</arg>
<arg>content-desc</arg>
<doc>Get element attribute using given attribute: name, value,...</doc>
<status status="PASS" start="2025-08-06T19:01:10.916058" elapsed="0.056205"/>
</kw>
<kw name="Should Be Equal" owner="BuiltIn">
<arg>${actual_desc}</arg>
<arg>${expected_home_desc}</arg>
<doc>Fails if the given objects are unequal.</doc>
<status status="PASS" start="2025-08-06T19:01:10.972263" elapsed="0.001777"/>
</kw>
<status status="PASS" start="2025-08-06T19:01:09.960880" elapsed="1.013160"/>
</kw>
<kw name="When I type a todo item with length" owner="LoginPO">
<kw name="Click Element" owner="AppiumLibrary">
<msg time="2025-08-06T19:01:10.975681" level="INFO">Clicking element 'xpath=(//android.widget.EditText)[1]'.</msg>
<msg time="2025-08-06T19:01:11.100313" level="INFO">xpath criteria: (//android.widget.EditText)[1]</msg>
<arg>${txt_todo_container}</arg>
<doc>Click element identified by `locator`.</doc>
<status status="PASS" start="2025-08-06T19:01:10.974563" elapsed="0.125750"/>
</kw>
<kw name="Get Element Attribute" owner="AppiumLibrary">
<msg time="2025-08-06T19:01:12.312047" level="INFO">Element 'xpath=(//android.widget.EditText)[2]' attribute 'focused' value 'true' </msg>
<msg time="2025-08-06T19:01:12.312047" level="INFO">xpath criteria: (//android.widget.EditText)[2]</msg>
<msg time="2025-08-06T19:01:12.312047" level="INFO">${focused} = true</msg>
<var>${focused}</var>
<arg>${txt_todo_input}</arg>
<arg>focused</arg>
<doc>Get element attribute using given attribute: name, value,...</doc>
<status status="PASS" start="2025-08-06T19:01:11.100925" elapsed="1.211122"/>
</kw>
<kw name="Should Be Equal" owner="BuiltIn">
<arg>${focused}</arg>
<arg>true</arg>
<doc>Fails if the given objects are unequal.</doc>
<status status="PASS" start="2025-08-06T19:01:12.312047" elapsed="0.000000"/>
</kw>
<kw name="Generate Random String" owner="String">
<msg time="2025-08-06T19:01:12.314282" level="INFO">${todo_item} = zoOJfRrZQwDQZSGegQxmZFJXKIQAJjGAedicxRkHgeREHSORnQCZWkATUMaAdREPoOuGXwTjUlKNIjLUMTXRQASujpOqKzDXXiYYhPqbWdBJnUfhZJYADfVuJMXxMriGwZHpwCfsWEBGBVxHmPNDqLVbMeBFedtcpCnzdhtdGFwDRNKjJAJVDlPGeSHUshigloQIPVdK</msg>
<var>${todo_item}</var>
<arg>${input_length}</arg>
<arg>[LETTERS]</arg>
<doc>Generates a string with a desired ``length`` from the given ``chars``.</doc>
<status status="PASS" start="2025-08-06T19:01:12.313687" elapsed="0.000595"/>
</kw>
<kw name="Input Text" owner="AppiumLibrary">
<msg time="2025-08-06T19:01:12.315321" level="INFO">Typing text 'zoOJfRrZQwDQZSGegQxmZFJXKIQAJjGAedicxRkHgeREHSORnQCZWkATUMaAdREPoOuGXwTjUlKNIjLUMTXRQASujpOqKzDXXiYYhPqbWdBJnUfhZJYADfVuJMXxMriGwZHpwCfsWEBGBVxHmPNDqLVbMeBFedtcpCnzdhtdGFwDRNKjJAJVDlPGeSHUshigloQIPVdK' into text field 'xpath=(//android.widget.EditText)[2]'</msg>
<msg time="2025-08-06T19:01:12.491965" level="INFO">xpath criteria: (//android.widget.EditText)[2]</msg>
<arg>${txt_todo_input}</arg>
<arg>${todo_item}</arg>
<doc>Types the given `text` into text field identified by `locator`.</doc>
<status status="PASS" start="2025-08-06T19:01:12.314282" elapsed="0.177683"/>
</kw>
<return>
<value>${todo_item}</value>
<status status="PASS" start="2025-08-06T19:01:12.491965" elapsed="0.000000"/>
</return>
<arg>200</arg>
<status status="PASS" start="2025-08-06T19:01:10.974563" elapsed="1.517402"/>
</kw>
<kw name="Then Character counter should be" owner="LoginPO">
<kw name="Set Variable" owner="BuiltIn">
<msg time="2025-08-06T19:01:12.493145" level="INFO">${max_limit} = 200</msg>
<var>${max_limit}</var>
<arg>200</arg>
<doc>Returns the given values which can then be assigned to a variables.</doc>
<status status="PASS" start="2025-08-06T19:01:12.493145" elapsed="0.000000"/>
</kw>
<kw name="Evaluate" owner="BuiltIn">
<msg time="2025-08-06T19:01:12.493145" level="INFO">${remaining} = 0</msg>
<var>${remaining}</var>
<arg>${max_limit} - ${input_length}</arg>
<doc>Evaluates the given expression in Python and returns the result.</doc>
<status status="PASS" start="2025-08-06T19:01:12.493145" elapsed="0.000000"/>
</kw>
<kw name="Run Keyword If" owner="BuiltIn">
<kw name="Element Should Be Visible" owner="AppiumLibrary">
<msg time="2025-08-06T19:01:13.176337" level="INFO">xpath criteria: //android.view.View[@content-desc="No characters remaining"]</msg>
<arg>xpath=//android.view.View[@content-desc="No characters remaining"]</arg>
<doc>Verifies that element identified with locator is visible.</doc>
<status status="PASS" start="2025-08-06T19:01:12.494808" elapsed="0.681529"/>
</kw>
<arg>${remaining} == 0</arg>
<arg>Element Should Be Visible</arg>
<arg>xpath=//android.view.View[@content-desc="No characters remaining"]</arg>
<arg>ELSE</arg>
<arg>Element Should Be Visible</arg>
<arg>xpath=//android.view.View[contains(@content-desc, "${remaining} characters remaining")]</arg>
<doc>Runs the given keyword with the given arguments, if ``condition`` is true.</doc>
<status status="PASS" start="2025-08-06T19:01:12.494808" elapsed="0.681529"/>
</kw>
<arg>200</arg>
<status status="PASS" start="2025-08-06T19:01:12.493145" elapsed="0.683192"/>
</kw>
<kw name="End result" owner="Common" type="TEARDOWN">
<kw name="Close Application" owner="AppiumLibrary">
<doc>Closes the current application and also close webdriver session.</doc>
<status status="PASS" start="2025-08-06T19:01:13.177964" elapsed="0.706023"/>
</kw>
<status status="PASS" start="2025-08-06T19:01:13.176337" elapsed="0.707650"/>
</kw>
<tag>e2e</tag>
<status status="PASS" start="2025-08-06T19:01:05.440194" elapsed="8.443793"/>
</test>
<test id="s1-s1-t8" name="Validate that I am able to add a Todo item with 200 characters" line="60">
<kw name="Setup Test Environment" owner="Common" type="SETUP">
<kw name="Run Keyword If" owner="BuiltIn">
<kw name="testSetupLocal" owner="Common">
<kw name="Open Application" owner="AppiumLibrary">
<arg>${REMOTE_URL}</arg>
<arg>platformName=${PLATFORM_NAME}</arg>
<arg>platformVersion=${platformVersion}</arg>
<arg>deviceName=${deviceName}</arg>
<arg>automationName=UiAutomator2</arg>
<arg>appActivity=${ACTIVITY_NAME}</arg>
<arg>appPackage=${PACKAGE_NAME}</arg>
<arg>noReset=${NO_RESET}</arg>
<doc>Opens a new application to given Appium server.
Capabilities of appium server, Android and iOS,
Please check https://appium.io/docs/en/2.19/guides/caps/
| *Option*            | *Man.* | *Description*     |
| remote_url          | Yes    | Appium server url |
| alias               | No     | alias             |</doc>
<status status="PASS" start="2025-08-06T19:01:13.886715" elapsed="4.586098"/>
</kw>
<status status="PASS" start="2025-08-06T19:01:13.886715" elapsed="4.586098"/>
</kw>
<arg>'${environmentToRunTest}'=='LOCAL'</arg>
<arg>testSetupLocal</arg>
<arg>ELSE IF</arg>
<arg>'${environmentToRunTest}'=='BROWSERSTACK'</arg>
<arg>testSetupBrowserStack</arg>
<arg>ELSE</arg>
<arg>Log</arg>
<arg>Setup Test Environment went wrong. Please check the value of the variable 'environmentToRunTest'.</arg>
<doc>Runs the given keyword with the given arguments, if ``condition`` is true.</doc>
<status status="PASS" start="2025-08-06T19:01:13.885584" elapsed="4.587229"/>
</kw>
<doc>Generic local test setup</doc>
<status status="PASS" start="2025-08-06T19:01:13.885584" elapsed="4.587229"/>
</kw>
<kw name="Given I open the application" owner="LoginPO">
<kw name="Wait Until Element Is Visible" owner="AppiumLibrary">
<msg time="2025-08-06T19:01:19.332404" level="INFO">xpath criteria: //android.view.View[@content-desc="Todo App"]</msg>
<arg>${lbl_home_brand}</arg>
<arg>10s</arg>
<doc>Waits until element specified with `locator` is visible.</doc>
<status status="PASS" start="2025-08-06T19:01:18.472813" elapsed="0.859591"/>
</kw>
<kw name="Get Element Attribute" owner="AppiumLibrary">
<msg time="2025-08-06T19:01:19.385481" level="INFO">Element 'xpath=//android.view.View[@content-desc="Todo App"]' attribute 'content-desc' value 'Todo App' </msg>
<msg time="2025-08-06T19:01:19.385481" level="INFO">xpath criteria: //android.view.View[@content-desc="Todo App"]</msg>
<msg time="2025-08-06T19:01:19.385481" level="INFO">${actual_desc} = Todo App</msg>
<var>${actual_desc}</var>
<arg>${lbl_home_brand}</arg>
<arg>content-desc</arg>
<doc>Get element attribute using given attribute: name, value,...</doc>
<status status="PASS" start="2025-08-06T19:01:19.332404" elapsed="0.053077"/>
</kw>
<kw name="Should Be Equal" owner="BuiltIn">
<arg>${actual_desc}</arg>
<arg>${expected_home_desc}</arg>
<doc>Fails if the given objects are unequal.</doc>
<status status="PASS" start="2025-08-06T19:01:19.385481" elapsed="0.001556"/>
</kw>
<status status="PASS" start="2025-08-06T19:01:18.472813" elapsed="0.914224"/>
</kw>
[...]
<arg>false</arg>
<doc>Fails if the given objects are unequal.</doc>
<status status="PASS" start="2025-08-06T19:03:03.933540" elapsed="0.000000"/>
</kw>
<kw name="Click Element" owner="AppiumLibrary">
<msg time="2025-08-06T19:03:03.936891" level="INFO">Clicking element 'xpath=//android.view.View[contains(@content-desc, "Buy Groceries")]//android.widget.CheckBox[@content-desc]'.</msg>
<msg time="2025-08-06T19:03:04.163260" level="INFO">xpath criteria: //android.view.View[contains(@content-desc, "Buy Groceries")]//android.widget.CheckBox[@content-desc]</msg>
<arg>${checkbox}</arg>
<doc>Click element identified by `locator`.</doc>
<status status="PASS" start="2025-08-06T19:03:03.935236" elapsed="0.228024"/>
</kw>
<arg>${todo_items[0]}</arg>
<status status="PASS" start="2025-08-06T19:03:03.664900" elapsed="0.498360"/>
</kw>
<kw name="And I mark the complete checkbox to complete a Todo item in my list" owner="LoginPO">
<kw name="Get checkbox locator for todo item" owner="LoginPO">
<kw name="Set Variable" owner="BuiltIn">
<msg time="2025-08-06T19:03:04.164883" level="INFO">${locator} = xpath=//android.view.View[contains(@content-desc, "Read Book")]//android.widget.CheckBox[@content-desc]</msg>
<var>${locator}</var>
<arg>xpath=//android.view.View[contains(@content-desc, "${todo_title}")]//android.widget.CheckBox[@content-desc]</arg>
<doc>Returns the given values which can then be assigned to a variables.</doc>
<status status="PASS" start="2025-08-06T19:03:04.164883" elapsed="0.000000"/>
</kw>
<return>
<value>${locator}</value>
<status status="PASS" start="2025-08-06T19:03:04.164883" elapsed="0.000000"/>
</return>
<msg time="2025-08-06T19:03:04.164883" level="INFO">${checkbox} = xpath=//android.view.View[contains(@content-desc, "Read Book")]//android.widget.CheckBox[@content-desc]</msg>
<var>${checkbox}</var>
<arg>${todo_title}</arg>
<status status="PASS" start="2025-08-06T19:03:04.164883" elapsed="0.000000"/>
</kw>
<kw name="Element Should Be Visible" owner="AppiumLibrary">
<msg time="2025-08-06T19:03:04.736073" level="INFO">xpath criteria: //android.view.View[contains(@content-desc, "Read Book")]//android.widget.CheckBox[@content-desc]</msg>
<arg>${checkbox}</arg>
<doc>Verifies that element identified with locator is visible.</doc>
<status status="PASS" start="2025-08-06T19:03:04.164883" elapsed="0.571190"/>
</kw>
<kw name="Get Element Attribute" owner="AppiumLibrary">
<msg time="2025-08-06T19:03:04.889292" level="INFO">Element 'xpath=//android.view.View[contains(@content-desc, "Read Book")]//android.widget.CheckBox[@content-desc]' attribute 'checked' value 'false' </msg>
<msg time="2025-08-06T19:03:04.891081" level="INFO">xpath criteria: //android.view.View[contains(@content-desc, "Read Book")]//android.widget.CheckBox[@content-desc]</msg>
<msg time="2025-08-06T19:03:04.891081" level="INFO">${checked} = false</msg>
<var>${checked}</var>
<arg>${checkbox}</arg>
<arg>checked</arg>
<doc>Get element attribute using given attribute: name, value,...</doc>
<status status="PASS" start="2025-08-06T19:03:04.737738" elapsed="0.153343"/>
</kw>
<kw name="Should Be Equal" owner="BuiltIn">
<arg>${checked}</arg>
<arg>false</arg>
<doc>Fails if the given objects are unequal.</doc>
<status status="PASS" start="2025-08-06T19:03:04.891081" elapsed="0.000000"/>
</kw>
<kw name="Click Element" owner="AppiumLibrary">
<msg time="2025-08-06T19:03:04.892774" level="INFO">Clicking element 'xpath=//android.view.View[contains(@content-desc, "Read Book")]//android.widget.CheckBox[@content-desc]'.</msg>
<msg time="2025-08-06T19:03:05.164647" level="INFO">xpath criteria: //android.view.View[contains(@content-desc, "Read Book")]//android.widget.CheckBox[@content-desc]</msg>
<arg>${checkbox}</arg>
<doc>Click element identified by `locator`.</doc>
<status status="PASS" start="2025-08-06T19:03:04.891081" elapsed="0.273566"/>
</kw>
<arg>${todo_items[1]}</arg>
<status status="PASS" start="2025-08-06T19:03:04.163260" elapsed="1.001387"/>
</kw>
<kw name="Get Length" owner="BuiltIn">
<msg time="2025-08-06T19:03:05.166276" level="INFO">Length is 5.</msg>
<msg time="2025-08-06T19:03:05.166276" level="INFO">${expected_total} = 5</msg>
<var>${expected_total}</var>
<arg>${todo_items}</arg>
<doc>Returns and logs the length of the given item as an integer.</doc>
<status status="PASS" start="2025-08-06T19:03:05.166276" elapsed="0.000000"/>
</kw>
<kw name="Set Variable" owner="BuiltIn">
<msg time="2025-08-06T19:03:05.166276" level="INFO">${expected_completed} = 2</msg>
<var>${expected_completed}</var>
<arg>2</arg>
<doc>Returns the given values which can then be assigned to a variables.</doc>
<status status="PASS" start="2025-08-06T19:03:05.166276" elapsed="0.000000"/>
</kw>
<kw name="Evaluate" owner="BuiltIn">
<msg time="2025-08-06T19:03:05.167899" level="INFO">${expected_uncompleted} = 3</msg>
<var>${expected_uncompleted}</var>
<arg>${expected_total} - ${expected_completed}</arg>
<doc>Evaluates the given expression in Python and returns the result.</doc>
<status status="PASS" start="2025-08-06T19:03:05.166276" elapsed="0.001623"/>
</kw>
<kw name="Then The todo items count label should be" owner="LoginPO">
<kw name="Get Element Attribute" owner="AppiumLibrary">
<msg time="2025-08-06T19:03:05.755028" level="INFO">Element 'xpath=//android.view.View[contains(@content-desc, "todo-counter")]' attribute 'content-desc' value 'todo-counter
5 items' </msg>
<msg time="2025-08-06T19:03:05.756915" level="INFO">xpath criteria: //android.view.View[contains(@content-desc, "todo-counter")]</msg>
<msg time="2025-08-06T19:03:05.756915" level="INFO">${label_text} = todo-counter
5 items</msg>
<var>${label_text}</var>
<arg>${lbl_todo_counter}</arg>
<arg>content-desc</arg>
<doc>Get element attribute using given attribute: name, value,...</doc>
<status status="PASS" start="2025-08-06T19:03:05.167899" elapsed="0.589016"/>
</kw>
<kw name="Extract Todo Count" owner="TodoUtils">
<msg time="2025-08-06T19:03:05.756915" level="INFO">${actual_count} = 5</msg>
<var>${actual_count}</var>
<arg>${label_text}</arg>
<doc>Extracts the numeric todo count from the second line of the given counter_text.
Assumes the text format is:
    todo-counter
    0 items</doc>
<status status="PASS" start="2025-08-06T19:03:05.756915" elapsed="0.000000"/>
</kw>
<kw name="Should Be Equal As Integers" owner="BuiltIn">
<arg>${actual_count}</arg>
<arg>${expected_count}</arg>
<arg>Label count incorrect</arg>
<doc>Fails if objects are unequal after converting them to integers.</doc>
<status status="PASS" start="2025-08-06T19:03:05.756915" elapsed="0.000000"/>
</kw>
<arg>${expected_total}</arg>
<status status="PASS" start="2025-08-06T19:03:05.167899" elapsed="0.589016"/>
</kw>
<kw name="And The total number of todo items in the list should be" owner="LoginPO">
<kw name="Get Webelements" owner="AppiumLibrary">
<msg time="2025-08-06T19:03:05.882411" level="INFO">xpath criteria: //android.view.View[contains(@content-desc, "todo-item-")]</msg>
<msg time="2025-08-06T19:03:05.883432" level="INFO">${todo_elements} = [&lt;appium.webdriver.webelement.WebElement (session="03efabc4-7f68-4d1c-8d3f-9a56d153d897", element="00000000-0000-1d2e-0000-000f00000003")&gt;, &lt;appium.webdriver.webelement.WebElement (session="03efabc4-7...</msg>
<var>${todo_elements}</var>
<arg>xpath=//android.view.View[contains(@content-desc, "todo-item-")]</arg>
<doc>Returns list of [http://selenium-python.readthedocs.io/api.html#module-selenium.webdriver.remote.webelement|WebElement] objects matching ``locator``.</doc>
<status status="PASS" start="2025-08-06T19:03:05.758673" elapsed="0.124759"/>
</kw>
<kw name="Get Length" owner="BuiltIn">
<msg time="2025-08-06T19:03:05.883432" level="INFO">Length is 5.</msg>
<msg time="2025-08-06T19:03:05.883955" level="INFO">${actual_count} = 5</msg>
<var>${actual_count}</var>
<arg>${todo_elements}</arg>
<doc>Returns and logs the length of the given item as an integer.</doc>
<status status="PASS" start="2025-08-06T19:03:05.883432" elapsed="0.000523"/>
</kw>
<kw name="Should Be Equal As Integers" owner="BuiltIn">
<arg>${actual_count}</arg>
<arg>${expected_count}</arg>
<arg>List count incorrect</arg>
<doc>Fails if objects are unequal after converting them to integers.</doc>
<status status="PASS" start="2025-08-06T19:03:05.883955" elapsed="0.000000"/>
</kw>
<arg>${expected_total}</arg>
<doc>Gets the count of actual todo items in the UI based on matching views</doc>
<status status="PASS" start="2025-08-06T19:03:05.758673" elapsed="0.125282"/>
</kw>
<kw name="And The number of completed items should be" owner="LoginPO">
<kw name="Get Webelements" owner="AppiumLibrary">
<msg time="2025-08-06T19:03:05.954657" level="INFO">xpath criteria: //android.widget.CheckBox[@content-desc and @checked='true']</msg>
<msg time="2025-08-06T19:03:05.954657" level="INFO">${elements} = [&lt;appium.webdriver.webelement.WebElement (session="03efabc4-7f68-4d1c-8d3f-9a56d153d897", element="00000000-0000-1d2e-0000-001100000003")&gt;, &lt;appium.webdriver.webelement.WebElement (session="03efabc4-7...</msg>
<var>${elements}</var>
<arg>xpath=//android.widget.CheckBox[@content-desc and @checked='true']</arg>
<doc>Returns list of [http://selenium-python.readthedocs.io/api.html#module-selenium.webdriver.remote.webelement|WebElement] objects matching ``locator``.</doc>
<status status="PASS" start="2025-08-06T19:03:05.884982" elapsed="0.069675"/>
</kw>
<kw name="Get Length" owner="BuiltIn">
<msg time="2025-08-06T19:03:05.954657" level="INFO">Length is 2.</msg>
<msg time="2025-08-06T19:03:05.954657" level="INFO">${actual_count} = 2</msg>
<var>${actual_count}</var>
<arg>${elements}</arg>
<doc>Returns and logs the length of the given item as an integer.</doc>
<status status="PASS" start="2025-08-06T19:03:05.954657" elapsed="0.000000"/>
</kw>
<kw name="Should Be Equal As Integers" owner="BuiltIn">
<msg time="2025-08-06T19:03:05.954657" level="INFO">Argument types are:
&lt;class 'int'&gt;
&lt;class 'str'&gt;</msg>
<arg>${actual_count}</arg>
<arg>${expected_count}</arg>
<doc>Fails if objects are unequal after converting them to integers.</doc>
<status status="PASS" start="2025-08-06T19:03:05.954657" elapsed="0.000000"/>
</kw>
<arg>${expected_completed}</arg>
<status status="PASS" start="2025-08-06T19:03:05.884982" elapsed="0.069675"/>
</kw>
<kw name="And The number of uncompleted items should be" owner="LoginPO">
<kw name="Get Webelements" owner="AppiumLibrary">
<msg time="2025-08-06T19:03:06.032252" level="INFO">xpath criteria: //android.widget.CheckBox[@content-desc and @checked='false']</msg>
<msg time="2025-08-06T19:03:06.032252" level="INFO">${elements} = [&lt;appium.webdriver.webelement.WebElement (session="03efabc4-7f68-4d1c-8d3f-9a56d153d897", element="00000000-0000-1d2e-0000-002600000003")&gt;, &lt;appium.webdriver.webelement.WebElement (session="03efabc4-7...</msg>
<var>${elements}</var>
<arg>xpath=//android.widget.CheckBox[@content-desc and @checked='false']</arg>
<doc>Returns list of [http://selenium-python.readthedocs.io/api.html#module-selenium.webdriver.remote.webelement|WebElement] objects matching ``locator``.</doc>
<status status="PASS" start="2025-08-06T19:03:05.954657" elapsed="0.077595"/>
</kw>
<kw name="Get Length" owner="BuiltIn">
<msg time="2025-08-06T19:03:06.032757" level="INFO">Length is 3.</msg>
<msg time="2025-08-06T19:03:06.032757" level="INFO">${actual_count} = 3</msg>
<var>${actual_count}</var>
<arg>${elements}</arg>
<doc>Returns and logs the length of the given item as an integer.</doc>
<status status="PASS" start="2025-08-06T19:03:06.032757" elapsed="0.000000"/>
</kw>
<kw name="Should Be Equal As Integers" owner="BuiltIn">
<arg>${actual_count}</arg>
<arg>${expected_count}</arg>
<doc>Fails if objects are unequal after converting them to integers.</doc>
<status status="PASS" start="2025-08-06T19:03:06.032757" elapsed="0.000000"/>
</kw>
<arg>${expected_uncompleted}</arg>
<status status="PASS" start="2025-08-06T19:03:05.954657" elapsed="0.078100"/>
</kw>
<kw name="End result" owner="Common" type="TEARDOWN">
<kw name="Close Application" owner="AppiumLibrary">
<doc>Closes the current application and also close webdriver session.</doc>
<status status="PASS" start="2025-08-06T19:03:06.033794" elapsed="0.775907"/>
</kw>
<status status="PASS" start="2025-08-06T19:03:06.033794" elapsed="0.775907"/>
</kw>
<tag>e2e</tag>
<status status="PASS" start="2025-08-06T19:02:44.660798" elapsed="22.148903"/>
</test>
<status status="PASS" start="2025-08-06T19:02:25.070066" elapsed="41.741314"/>
</suite>
<suite id="s1-s6" name="Mark Todo" source="C:\Users\hanna\OneDrive\Desktop\humanforce_automation-test\UI\TestCases\mark_todo.robot">
<test id="s1-s6-t1" name="Validate that I can check a completed Todo item" line="19">
<kw name="Setup Test Environment" owner="Common" type="SETUP">
<kw name="Run Keyword If" owner="BuiltIn">
<kw name="testSetupLocal" owner="Common">
<kw name="Open Application" owner="AppiumLibrary">
<arg>${REMOTE_URL}</arg>
<arg>platformName=${PLATFORM_NAME}</arg>
<arg>platformVersion=${platformVersion}</arg>
<arg>deviceName=${deviceName}</arg>
<arg>automationName=UiAutomator2</arg>
<arg>appActivity=${ACTIVITY_NAME}</arg>
<arg>appPackage=${PACKAGE_NAME}</arg>
<arg>noReset=${NO_RESET}</arg>
<doc>Opens a new application to given Appium server.
Capabilities of appium server, Android and iOS,
Please check https://appium.io/docs/en/2.19/guides/caps/
| *Option*            | *Man.* | *Description*     |
| remote_url          | Yes    | Appium server url |
| alias               | No     | alias             |</doc>
<status status="PASS" start="2025-08-06T19:03:06.821882" elapsed="4.465221"/>
</kw>
<status status="PASS" start="2025-08-06T19:03:06.821882" elapsed="4.465221"/>
</kw>
<arg>'${environmentToRunTest}'=='LOCAL'</arg>
<arg>testSetupLocal</arg>
<arg>ELSE IF</arg>
<arg>'${environmentToRunTest}'=='BROWSERSTACK'</arg>
<arg>testSetupBrowserStack</arg>
<arg>ELSE</arg>
<arg>Log</arg>
<arg>Setup Test Environment went wrong. Please check the value of the variable 'environmentToRunTest'.</arg>
<doc>Runs the given keyword with the given arguments, if ``condition`` is true.</doc>
<status status="PASS" start="2025-08-06T19:03:06.820864" elapsed="4.466239"/>
</kw>
<doc>Generic local test setup</doc>
<status status="PASS" start="2025-08-06T19:03:06.820864" elapsed="4.466239"/>
</kw>
<kw name="Given I open the application" owner="LoginPO">
<kw name="Wait Until Element Is Visible" owner="AppiumLibrary">
<msg time="2025-08-06T19:03:12.054127" level="INFO">xpath criteria: //android.view.View[@content-desc="Todo App"]</msg>
<arg>${lbl_home_brand}</arg>
<arg>10s</arg>
<doc>Waits until element specified with `locator` is visible.</doc>
<status status="PASS" start="2025-08-06T19:03:11.287103" elapsed="0.767024"/>
</kw>
<kw name="Get Element Attribute" owner="AppiumLibrary">
<msg time="2025-08-06T19:03:12.114403" level="INFO">Element 'xpath=//android.view.View[@content-desc="Todo App"]' attribute 'content-desc' value 'Todo App' </msg>
<msg time="2025-08-06T19:03:12.114403" level="INFO">xpath criteria: //android.view.View[@content-desc="Todo App"]</msg>
<msg time="2025-08-06T19:03:12.114403" level="INFO">${actual_desc} = Todo App</msg>
<var>${actual_desc}</var>
<arg>${lbl_home_brand}</arg>
<arg>content-desc</arg>
<doc>Get element attribute using given attribute: name, value,...</doc>
<status status="PASS" start="2025-08-06T19:03:12.055163" elapsed="0.059240"/>
</kw>
<kw name="Should Be Equal" owner="BuiltIn">
<arg>${actual_desc}</arg>
<arg>${expected_home_desc}</arg>
<doc>Fails if the given objects are unequal.</doc>
<status status="PASS" start="2025-08-06T19:03:12.114403" elapsed="0.001573"/>
</kw>
<status status="PASS" start="2025-08-06T19:03:11.287103" elapsed="0.828873"/>
</kw>
<kw name="When I add a todo item titled" owner="LoginPO">
<kw name="Click Element" owner="AppiumLibrary">
<msg time="2025-08-06T19:03:12.117444" level="INFO">Clicking element 'xpath=(//android.widget.EditText)[1]'.</msg>
<msg time="2025-08-06T19:03:12.220908" level="INFO">xpath criteria: (//android.widget.EditText)[1]</msg>
<arg>${txt_todo_container}</arg>
<doc>Click element identified by `locator`.</doc>
<status status="PASS" start="2025-08-06T19:03:12.115976" elapsed="0.104932"/>
</kw>
<kw name="Get Element Attribute" owner="AppiumLibrary">
<msg time="2025-08-06T19:03:13.434060" level="INFO">Element 'xpath=(//android.widget.EditText)[2]' attribute 'focused' value 'true' </msg>
<msg time="2025-08-06T19:03:13.434060" level="INFO">xpath criteria: (//android.widget.EditText)[2]</msg>
<msg time="2025-08-06T19:03:13.434060" level="INFO">${focused} = true</msg>
<var>${focused}</var>
<arg>${txt_todo_input}</arg>
<arg>focused</arg>
<doc>Get element attribute using given attribute: name, value,...</doc>
<status status="PASS" start="2025-08-06T19:03:12.220908" elapsed="1.213152"/>
</kw>
<kw name="Should Be Equal" owner="BuiltIn">
<arg>${focused}</arg>
<arg>true</arg>
<doc>Fails if the given objects are unequal.</doc>
<status status="PASS" start="2025-08-06T19:03:13.434571" elapsed="0.000000"/>
</kw>
<kw name="Input Text" owner="AppiumLibrary">
<msg time="2025-08-06T19:03:13.436079" level="INFO">Typing text 'Buy Groceries' into text field 'xpath=(//android.widget.EditText)[2]'</msg>
<msg time="2025-08-06T19:03:13.609261" level="INFO">xpath criteria: (//android.widget.EditText)[2]</msg>
<arg>${txt_todo_input}</arg>
<arg>${todo_item}</arg>
<doc>Types the given `text` into text field identified by `locator`.</doc>
<status status="PASS" start="2025-08-06T19:03:13.434571" elapsed="0.174690"/>
</kw>
<kw name="I click the add button" owner="LoginPO">
<kw name="Wait Until Element Is Visible" owner="AppiumLibrary">
<kw name="Capture Page Screenshot" owner="AppiumLibrary">
<doc>Takes a screenshot of the current page and embeds it into the log.</doc>
<status status="FAIL" start="2025-08-06T19:03:14.186742" elapsed="0.000000">Execution terminated by signal</status>
</kw>
<msg time="2025-08-06T19:03:14.188473" level="WARN">Keyword 'Capture Page Screenshot' could not be run on failure: Execution terminated by signal</msg>
<msg time="2025-08-06T19:03:14.190049" level="INFO">xpath criteria: //android.widget.Button[@content-desc="Add"]</msg>
<arg>${btn_add}</arg>
<arg>10s</arg>
<doc>Waits until element specified with `locator` is visible.</doc>
<status status="FAIL" start="2025-08-06T19:03:13.609261" elapsed="0.580788">Execution terminated by signal</status>
</kw>
<kw name="Click Element" owner="AppiumLibrary">
<arg>${btn_add}</arg>
<doc>Click element identified by `locator`.</doc>
<status status="NOT RUN" start="2025-08-06T19:03:14.190049" elapsed="0.000000"/>
</kw>
<status status="FAIL" start="2025-08-06T19:03:13.609261" elapsed="0.580788">Execution terminated by signal</status>
</kw>
<arg>Buy Groceries</arg>
<status status="FAIL" start="2025-08-06T19:03:12.115976" elapsed="2.074073">Execution terminated by signal</status>
</kw>
<kw name="Then The Todo item should be displayed as" owner="LoginPO">
<arg>Buy Groceries</arg>
<status status="NOT RUN" start="2025-08-06T19:03:14.191468" elapsed="0.000000"/>
</kw>
<kw name="And The Todo input field should be empty" owner="LoginPO">
<status status="NOT RUN" start="2025-08-06T19:03:14.192036" elapsed="0.000000"/>
</kw>
<kw name="When I mark the complete checkbox to complete a todo item in my list" owner="LoginPO">
<arg>Buy Groceries</arg>
<status status="NOT RUN" start="2025-08-06T19:03:14.192036" elapsed="0.000000"/>
</kw>
<kw name="Then The Todo item checkbox should be marked as complete" owner="LoginPO">
<arg>Buy Groceries</arg>
<status status="NOT RUN" start="2025-08-06T19:03:14.192036" elapsed="0.001075"/>
</kw>
<kw name="End result" owner="Common" type="TEARDOWN">
<kw name="Close Application" owner="AppiumLibrary">
<errors>
<msg time="2025-08-06T19:03:14.188473" level="WARN">Keyword 'Capture Page Screenshot' could not be run on failure: Execution terminated by signal</msg>
<msg time="2025-08-06T19:03:15.066276" level="ERROR">Execution stopped by user.</msg>
</errors>
</robot>
