<?xml version="1.0" encoding="UTF-8"?>
<robot generator="Robot 7.3.2 (Python 3.11.1 on win32)" generated="2025-08-07T01:32:17.825019" rpa="false" schemaversion="5">
<suite id="s1" name="Mark Todo" source="C:\Users\hanna\OneDrive\Desktop\humanforce_automation-test\UI\tests\mark_todo.robot">
<test id="s1-t1" name="Validate that I can check a completed todo item" line="19">
<kw name="Setup Test Environment" owner="common" type="SETUP">
<kw name="testSetupLocal" owner="common">
<kw name="Open Application" owner="AppiumLibrary">
<arg>${REMOTE_URL}</arg>
<arg>platformName=${PLATFORM_NAME}</arg>
<arg>platformVersion=${platformVersion}</arg>
<arg>deviceName=${deviceName}</arg>
<arg>automationName=UiAutomator2</arg>
<arg>appActivity=${ACTIVITY_NAME}</arg>
<arg>appPackage=${PACKAGE_NAME}</arg>
<arg>noReset=${NO_RESET}</arg>
<doc>Opens a new application to given Appium server.
Capabilities of appium server, Android and iOS,
Please check https://appium.io/docs/en/2.19/guides/caps/
| *Option*            | *Man.* | *Description*     |
| remote_url          | Yes    | Appium server url |
| alias               | No     | alias             |</doc>
<status status="PASS" start="2025-08-07T01:32:18.196188" elapsed="14.411805"/>
</kw>
<status status="PASS" start="2025-08-07T01:32:18.195662" elapsed="14.412331"/>
</kw>
<doc>Generic local test setup (local only)</doc>
<status status="PASS" start="2025-08-07T01:32:18.195662" elapsed="14.412331"/>
</kw>
<kw name="Given I open the application" owner="home_page">
<kw name="Wait Until Element Is Visible" owner="AppiumLibrary">
<msg time="2025-08-07T01:32:35.119561" level="INFO">xpath criteria: //android.view.View[@content-desc="Todo App"]</msg>
<arg>${lbl_home_brand}</arg>
<arg>10s</arg>
<doc>Waits until element specified with `locator` is visible.</doc>
<status status="PASS" start="2025-08-07T01:32:32.611478" elapsed="2.508083"/>
</kw>
<kw name="Get Element Attribute" owner="AppiumLibrary">
<msg time="2025-08-07T01:32:35.248189" level="INFO">Element 'xpath=//android.view.View[@content-desc="Todo App"]' attribute 'content-desc' value 'Todo App' </msg>
<msg time="2025-08-07T01:32:35.248189" level="INFO">xpath criteria: //android.view.View[@content-desc="Todo App"]</msg>
<msg time="2025-08-07T01:32:35.248189" level="INFO">${actual_desc} = Todo App</msg>
<var>${actual_desc}</var>
<arg>${lbl_home_brand}</arg>
<arg>content-desc</arg>
<doc>Get element attribute using given attribute: name, value,...</doc>
<status status="PASS" start="2025-08-07T01:32:35.119561" elapsed="0.128628"/>
</kw>
<kw name="Should Be Equal" owner="BuiltIn">
<arg>${actual_desc}</arg>
<arg>${expected_home_desc}</arg>
<doc>Fails if the given objects are unequal.</doc>
<status status="PASS" start="2025-08-07T01:32:35.248189" elapsed="0.000000"/>
</kw>
<status status="PASS" start="2025-08-07T01:32:32.610972" elapsed="2.637217"/>
</kw>
<kw name="When I add a todo item titled" owner="home_page">
<kw name="Click Element" owner="AppiumLibrary">
<msg time="2025-08-07T01:32:35.250677" level="INFO">Clicking element 'xpath=(//android.widget.EditText)[1]'.</msg>
<msg time="2025-08-07T01:32:35.412656" level="INFO">xpath criteria: (//android.widget.EditText)[1]</msg>
<arg>${txt_todo_container}</arg>
<doc>Click element identified by `locator`.</doc>
<status status="PASS" start="2025-08-07T01:32:35.248189" elapsed="0.164467"/>
</kw>
<kw name="Get Element Attribute" owner="AppiumLibrary">
<msg time="2025-08-07T01:32:37.436534" level="INFO">Element 'xpath=(//android.widget.EditText)[2]' attribute 'focused' value 'true' </msg>
<msg time="2025-08-07T01:32:37.436534" level="INFO">xpath criteria: (//android.widget.EditText)[2]</msg>
<msg time="2025-08-07T01:32:37.436534" level="INFO">${focused} = true</msg>
<var>${focused}</var>
<arg>${txt_todo_input}</arg>
<arg>focused</arg>
<doc>Get element attribute using given attribute: name, value,...</doc>
<status status="PASS" start="2025-08-07T01:32:35.413163" elapsed="2.023371"/>
</kw>
<kw name="Should Be Equal" owner="BuiltIn">
<arg>${focused}</arg>
<arg>true</arg>
<doc>Fails if the given objects are unequal.</doc>
<status status="PASS" start="2025-08-07T01:32:37.436534" elapsed="0.000000"/>
</kw>
<kw name="Input Text" owner="AppiumLibrary">
<msg time="2025-08-07T01:32:37.438736" level="INFO">Typing text 'Buy Groceries' into text field 'xpath=(//android.widget.EditText)[2]'</msg>
<msg time="2025-08-07T01:32:37.581363" level="INFO">xpath criteria: (//android.widget.EditText)[2]</msg>
<arg>${txt_todo_input}</arg>
<arg>${todo_item}</arg>
<doc>Types the given `text` into text field identified by `locator`.</doc>
<status status="PASS" start="2025-08-07T01:32:37.436534" elapsed="0.144829"/>
</kw>
<kw name="I click the add button" owner="home_page">
<kw name="Wait Until Element Is Visible" owner="AppiumLibrary">
<msg time="2025-08-07T01:32:38.357392" level="INFO">xpath criteria: //android.widget.Button[@content-desc="Add"]</msg>
<arg>${btn_add}</arg>
<arg>10s</arg>
<doc>Waits until element specified with `locator` is visible.</doc>
<status status="PASS" start="2025-08-07T01:32:37.581363" elapsed="0.776029"/>
</kw>
<kw name="Click Element" owner="AppiumLibrary">
<msg time="2025-08-07T01:32:38.360753" level="INFO">Clicking element 'xpath=//android.widget.Button[@content-desc="Add"]'.</msg>
<msg time="2025-08-07T01:32:38.580496" level="INFO">xpath criteria: //android.widget.Button[@content-desc="Add"]</msg>
<arg>${btn_add}</arg>
<doc>Click element identified by `locator`.</doc>
<status status="PASS" start="2025-08-07T01:32:38.357392" elapsed="0.223104"/>
</kw>
<status status="PASS" start="2025-08-07T01:32:37.581363" elapsed="0.999907"/>
</kw>
<arg>Buy Groceries</arg>
<status status="PASS" start="2025-08-07T01:32:35.248189" elapsed="3.333081"/>
</kw>
<kw name="Then the todo item should be displayed as" owner="home_page">
<kw name="Wait Until Element Is Visible" owner="AppiumLibrary">
<msg time="2025-08-07T01:32:39.912718" level="INFO">xpath criteria: //android.view.View[contains(@content-desc, "Buy Groceries")]
xpath criteria: //android.view.View[contains(@content-desc, "Buy Groceries")]</msg>
<arg>xpath=//android.view.View[contains(@content-desc, "${todo_item}")]</arg>
<arg>10s</arg>
<doc>Waits until element specified with `locator` is visible.</doc>
<status status="PASS" start="2025-08-07T01:32:38.581776" elapsed="1.330942"/>
</kw>
<kw name="Element Should Be Visible" owner="AppiumLibrary">
<msg time="2025-08-07T01:32:40.091715" level="INFO">xpath criteria: //android.view.View[contains(@content-desc, "Buy Groceries")]</msg>
<arg>xpath=//android.view.View[contains(@content-desc, "${todo_item}")]</arg>
<doc>Verifies that element identified with locator is visible.</doc>
<status status="PASS" start="2025-08-07T01:32:39.914439" elapsed="0.177276"/>
</kw>
<arg>Buy Groceries</arg>
<status status="PASS" start="2025-08-07T01:32:38.581776" elapsed="1.509939"/>
</kw>
<kw name="And the todo input field should be empty" owner="home_page">
<kw name="Get Text" owner="AppiumLibrary">
<msg time="2025-08-07T01:32:40.219175" level="INFO">Element 'xpath=(//android.widget.EditText)[2]' text is '' </msg>
<msg time="2025-08-07T01:32:40.219175" level="INFO">xpath criteria: (//android.widget.EditText)[2]</msg>
<msg time="2025-08-07T01:32:40.219175" level="INFO">${text} = </msg>
<var>${text}</var>
<arg>${txt_todo_input}</arg>
<doc>Get element text (for hybrid and mobile browser use `xpath` locator, others might cause problem)</doc>
<status status="PASS" start="2025-08-07T01:32:40.092373" elapsed="0.126802"/>
</kw>
<kw name="Should Be Empty" owner="BuiltIn">
<msg time="2025-08-07T01:32:40.219713" level="INFO">Length is 0.</msg>
<arg>${text}</arg>
<doc>Verifies that the given item is empty.</doc>
<status status="PASS" start="2025-08-07T01:32:40.219713" elapsed="0.000000"/>
</kw>
<doc>Validates that the todo input field is empty after adding a todo item</doc>
<status status="PASS" start="2025-08-07T01:32:40.092373" elapsed="0.127340"/>
</kw>
<kw name="When I mark the complete checkbox to complete a todo item in my list" owner="home_page">
<kw name="Get checkbox locator for todo item" owner="home_page">
<kw name="Set Variable" owner="BuiltIn">
<msg time="2025-08-07T01:32:40.220719" level="INFO">${locator} = xpath=//android.view.View[contains(@content-desc, "Buy Groceries")]//android.widget.CheckBox[@content-desc]</msg>
<var>${locator}</var>
<arg>xpath=//android.view.View[contains(@content-desc, "${todo_title}")]//android.widget.CheckBox[@content-desc]</arg>
<doc>Returns the given values which can then be assigned to a variables.</doc>
<status status="PASS" start="2025-08-07T01:32:40.220719" elapsed="0.000000"/>
</kw>
<return>
<value>${locator}</value>
<status status="PASS" start="2025-08-07T01:32:40.220719" elapsed="0.000000"/>
</return>
<msg time="2025-08-07T01:32:40.221223" level="INFO">${checkbox} = xpath=//android.view.View[contains(@content-desc, "Buy Groceries")]//android.widget.CheckBox[@content-desc]</msg>
<var>${checkbox}</var>
<arg>${todo_title}</arg>
<status status="PASS" start="2025-08-07T01:32:40.220719" elapsed="0.000504"/>
</kw>
<kw name="Wait Until Element Is Visible" owner="AppiumLibrary">
<msg time="2025-08-07T01:32:40.345945" level="INFO">xpath criteria: //android.view.View[contains(@content-desc, "Buy Groceries")]//android.widget.CheckBox[@content-desc]</msg>
<arg>${checkbox}</arg>
<arg>10s</arg>
<doc>Waits until element specified with `locator` is visible.</doc>
<status status="PASS" start="2025-08-07T01:32:40.221223" elapsed="0.124722"/>
</kw>
<kw name="Get Element Attribute" owner="AppiumLibrary">
<msg time="2025-08-07T01:32:40.466447" level="INFO">Element 'xpath=//android.view.View[contains(@content-desc, "Buy Groceries")]//android.widget.CheckBox[@content-desc]' attribute 'checked' value 'false' </msg>
<msg time="2025-08-07T01:32:40.466447" level="INFO">xpath criteria: //android.view.View[contains(@content-desc, "Buy Groceries")]//android.widget.CheckBox[@content-desc]</msg>
<msg time="2025-08-07T01:32:40.466954" level="INFO">${checked} = false</msg>
<var>${checked}</var>
<arg>${checkbox}</arg>
<arg>checked</arg>
<doc>Get element attribute using given attribute: name, value,...</doc>
<status status="PASS" start="2025-08-07T01:32:40.345945" elapsed="0.121009"/>
</kw>
<kw name="Should Be Equal" owner="BuiltIn">
<arg>${checked}</arg>
<arg>false</arg>
<doc>Fails if the given objects are unequal.</doc>
<status status="PASS" start="2025-08-07T01:32:40.466954" elapsed="0.000000"/>
</kw>
<kw name="Click Element" owner="AppiumLibrary">
<msg time="2025-08-07T01:32:40.468545" level="INFO">Clicking element 'xpath=//android.view.View[contains(@content-desc, "Buy Groceries")]//android.widget.CheckBox[@content-desc]'.</msg>
<msg time="2025-08-07T01:32:40.614518" level="INFO">xpath criteria: //android.view.View[contains(@content-desc, "Buy Groceries")]//android.widget.CheckBox[@content-desc]</msg>
<arg>${checkbox}</arg>
<doc>Click element identified by `locator`.</doc>
<status status="PASS" start="2025-08-07T01:32:40.467475" elapsed="0.148050"/>
</kw>
<arg>Buy Groceries</arg>
<status status="PASS" start="2025-08-07T01:32:40.219713" elapsed="0.395812"/>
</kw>
<kw name="Then the todo item checkbox should be marked as complete" owner="home_page">
<kw name="Get checkbox locator for todo item" owner="home_page">
<kw name="Set Variable" owner="BuiltIn">
<msg time="2025-08-07T01:32:40.617036" level="INFO">${locator} = xpath=//android.view.View[contains(@content-desc, "Buy Groceries")]//android.widget.CheckBox[@content-desc]</msg>
<var>${locator}</var>
<arg>xpath=//android.view.View[contains(@content-desc, "${todo_title}")]//android.widget.CheckBox[@content-desc]</arg>
<doc>Returns the given values which can then be assigned to a variables.</doc>
<status status="PASS" start="2025-08-07T01:32:40.617036" elapsed="0.000000"/>
</kw>
<return>
<value>${locator}</value>
<status status="PASS" start="2025-08-07T01:32:40.617036" elapsed="0.000000"/>
</return>
<msg time="2025-08-07T01:32:40.617540" level="INFO">${checkbox} = xpath=//android.view.View[contains(@content-desc, "Buy Groceries")]//android.widget.CheckBox[@content-desc]</msg>
<var>${checkbox}</var>
<arg>${todo_title}</arg>
<status status="PASS" start="2025-08-07T01:32:40.616029" elapsed="0.001511"/>
</kw>
<kw name="Get Element Attribute" owner="AppiumLibrary">
<msg time="2025-08-07T01:32:41.249885" level="INFO">Element 'xpath=//android.view.View[contains(@content-desc, "Buy Groceries")]//android.widget.CheckBox[@content-desc]' attribute 'checked' value 'true' </msg>
<msg time="2025-08-07T01:32:41.249885" level="INFO">xpath criteria: //android.view.View[contains(@content-desc, "Buy Groceries")]//android.widget.CheckBox[@content-desc]</msg>
<msg time="2025-08-07T01:32:41.250891" level="INFO">${checked} = true</msg>
<var>${checked}</var>
<arg>${checkbox}</arg>
<arg>checked</arg>
<doc>Get element attribute using given attribute: name, value,...</doc>
<status status="PASS" start="2025-08-07T01:32:40.617540" elapsed="0.633351"/>
</kw>
<kw name="Should Be Equal" owner="BuiltIn">
<arg>${checked}</arg>
<arg>true</arg>
<doc>Fails if the given objects are unequal.</doc>
<status status="PASS" start="2025-08-07T01:32:41.250891" elapsed="0.000000"/>
</kw>
<arg>Buy Groceries</arg>
<status status="PASS" start="2025-08-07T01:32:40.616029" elapsed="0.635875"/>
</kw>
<kw name="End result" owner="common" type="TEARDOWN">
<kw name="Close Application" owner="AppiumLibrary">
<doc>Closes the current application and also close webdriver session.</doc>
<status status="PASS" start="2025-08-07T01:32:41.253438" elapsed="0.752287"/>
</kw>
<status status="PASS" start="2025-08-07T01:32:41.252425" elapsed="0.753300"/>
</kw>
<tag>e2e</tag>
<status status="PASS" start="2025-08-07T01:32:18.194588" elapsed="23.812664"/>
</test>
<test id="s1-t2" name="Validate that I can uncheck a completed todo item" line="27">
<kw name="Setup Test Environment" owner="common" type="SETUP">
<kw name="testSetupLocal" owner="common">
<kw name="Open Application" owner="AppiumLibrary">
<arg>${REMOTE_URL}</arg>
<arg>platformName=${PLATFORM_NAME}</arg>
<arg>platformVersion=${platformVersion}</arg>
<arg>deviceName=${deviceName}</arg>
<arg>automationName=UiAutomator2</arg>
<arg>appActivity=${ACTIVITY_NAME}</arg>
<arg>appPackage=${PACKAGE_NAME}</arg>
<arg>noReset=${NO_RESET}</arg>
<doc>Opens a new application to given Appium server.
Capabilities of appium server, Android and iOS,
Please check https://appium.io/docs/en/2.19/guides/caps/
| *Option*            | *Man.* | *Description*     |
| remote_url          | Yes    | Appium server url |
| alias               | No     | alias             |</doc>
<status status="PASS" start="2025-08-07T01:32:42.014161" elapsed="16.269173"/>
</kw>
<status status="PASS" start="2025-08-07T01:32:42.013384" elapsed="16.269950"/>
</kw>
<doc>Generic local test setup (local only)</doc>
<status status="PASS" start="2025-08-07T01:32:42.012870" elapsed="16.270464"/>
</kw>
<kw name="Given I open the application" owner="home_page">
<kw name="Wait Until Element Is Visible" owner="AppiumLibrary">
<msg time="2025-08-07T01:33:00.976057" level="INFO">xpath criteria: //android.view.View[@content-desc="Todo App"]</msg>
<arg>${lbl_home_brand}</arg>
<arg>10s</arg>
<doc>Waits until element specified with `locator` is visible.</doc>
<status status="PASS" start="2025-08-07T01:32:58.284425" elapsed="2.691632"/>
</kw>
<kw name="Get Element Attribute" owner="AppiumLibrary">
<msg time="2025-08-07T01:33:01.086541" level="INFO">Element 'xpath=//android.view.View[@content-desc="Todo App"]' attribute 'content-desc' value 'Todo App' </msg>
<msg time="2025-08-07T01:33:01.086541" level="INFO">xpath criteria: //android.view.View[@content-desc="Todo App"]</msg>
<msg time="2025-08-07T01:33:01.086541" level="INFO">${actual_desc} = Todo App</msg>
<var>${actual_desc}</var>
<arg>${lbl_home_brand}</arg>
<arg>content-desc</arg>
<doc>Get element attribute using given attribute: name, value,...</doc>
<status status="PASS" start="2025-08-07T01:33:00.976595" elapsed="0.109946"/>
</kw>
<kw name="Should Be Equal" owner="BuiltIn">
<arg>${actual_desc}</arg>
<arg>${expected_home_desc}</arg>
<doc>Fails if the given objects are unequal.</doc>
<status status="PASS" start="2025-08-07T01:33:01.087159" elapsed="0.000000"/>
</kw>
<status status="PASS" start="2025-08-07T01:32:58.283900" elapsed="2.803259"/>
</kw>
<kw name="And I add a todo item titled" owner="home_page">
<kw name="Click Element" owner="AppiumLibrary">
<msg time="2025-08-07T01:33:01.088282" level="INFO">Clicking element 'xpath=(//android.widget.EditText)[1]'.</msg>
<msg time="2025-08-07T01:33:01.385159" level="INFO">xpath criteria: (//android.widget.EditText)[1]</msg>
<arg>${txt_todo_container}</arg>
<doc>Click element identified by `locator`.</doc>
<status status="PASS" start="2025-08-07T01:33:01.088282" elapsed="0.296877"/>
</kw>
<kw name="Get Element Attribute" owner="AppiumLibrary">
<msg time="2025-08-07T01:33:03.462210" level="INFO">Element 'xpath=(//android.widget.EditText)[2]' attribute 'focused' value 'true' </msg>
<msg time="2025-08-07T01:33:03.462210" level="INFO">xpath criteria: (//android.widget.EditText)[2]</msg>
<msg time="2025-08-07T01:33:03.462210" level="INFO">${focused} = true</msg>
<var>${focused}</var>
<arg>${txt_todo_input}</arg>
<arg>focused</arg>
<doc>Get element attribute using given attribute: name, value,...</doc>
<status status="PASS" start="2025-08-07T01:33:01.385680" elapsed="2.076530"/>
</kw>
<kw name="Should Be Equal" owner="BuiltIn">
<arg>${focused}</arg>
<arg>true</arg>
<doc>Fails if the given objects are unequal.</doc>
<status status="PASS" start="2025-08-07T01:33:03.462210" elapsed="0.000000"/>
</kw>
<kw name="Input Text" owner="AppiumLibrary">
<msg time="2025-08-07T01:33:03.463813" level="INFO">Typing text 'Buy Groceries' into text field 'xpath=(//android.widget.EditText)[2]'</msg>
<msg time="2025-08-07T01:33:03.633659" level="INFO">xpath criteria: (//android.widget.EditText)[2]</msg>
<arg>${txt_todo_input}</arg>
<arg>${todo_item}</arg>
<doc>Types the given `text` into text field identified by `locator`.</doc>
<status status="PASS" start="2025-08-07T01:33:03.462210" elapsed="0.171449"/>
</kw>
<kw name="I click the add button" owner="home_page">
<kw name="Wait Until Element Is Visible" owner="AppiumLibrary">
<msg time="2025-08-07T01:33:04.469928" level="INFO">xpath criteria: //android.widget.Button[@content-desc="Add"]</msg>
<arg>${btn_add}</arg>
<arg>10s</arg>
<doc>Waits until element specified with `locator` is visible.</doc>
<status status="PASS" start="2025-08-07T01:33:03.634666" elapsed="0.835262"/>
</kw>
<kw name="Click Element" owner="AppiumLibrary">
<msg time="2025-08-07T01:33:04.471531" level="INFO">Clicking element 'xpath=//android.widget.Button[@content-desc="Add"]'.</msg>
<msg time="2025-08-07T01:33:04.701958" level="INFO">xpath criteria: //android.widget.Button[@content-desc="Add"]</msg>
<arg>${btn_add}</arg>
<doc>Click element identified by `locator`.</doc>
<status status="PASS" start="2025-08-07T01:33:04.469928" elapsed="0.232030"/>
</kw>
<status status="PASS" start="2025-08-07T01:33:03.633659" elapsed="1.068299"/>
</kw>
<arg>Buy Groceries</arg>
<status status="PASS" start="2025-08-07T01:33:01.087766" elapsed="3.614192"/>
</kw>
<kw name="And I mark the complete checkbox to complete a todo item in my list" owner="home_page">
<kw name="Get checkbox locator for todo item" owner="home_page">
<kw name="Set Variable" owner="BuiltIn">
<msg time="2025-08-07T01:33:04.703983" level="INFO">${locator} = xpath=//android.view.View[contains(@content-desc, "Buy Groceries")]//android.widget.CheckBox[@content-desc]</msg>
<var>${locator}</var>
<arg>xpath=//android.view.View[contains(@content-desc, "${todo_title}")]//android.widget.CheckBox[@content-desc]</arg>
<doc>Returns the given values which can then be assigned to a variables.</doc>
<status status="PASS" start="2025-08-07T01:33:04.703983" elapsed="0.000000"/>
</kw>
<return>
<value>${locator}</value>
<status status="PASS" start="2025-08-07T01:33:04.703983" elapsed="0.000000"/>
</return>
<msg time="2025-08-07T01:33:04.703983" level="INFO">${checkbox} = xpath=//android.view.View[contains(@content-desc, "Buy Groceries")]//android.widget.CheckBox[@content-desc]</msg>
<var>${checkbox}</var>
<arg>${todo_title}</arg>
<status status="PASS" start="2025-08-07T01:33:04.703476" elapsed="0.000507"/>
</kw>
<kw name="Wait Until Element Is Visible" owner="AppiumLibrary">
<msg time="2025-08-07T01:33:06.266225" level="INFO">xpath criteria: //android.view.View[contains(@content-desc, "Buy Groceries")]//android.widget.CheckBox[@content-desc]
xpath criteria: //android.view.View[contains(@content-desc, "Buy Groceries")]//android.widget.CheckBox[@content-desc]</msg>
<arg>${checkbox}</arg>
<arg>10s</arg>
<doc>Waits until element specified with `locator` is visible.</doc>
<status status="PASS" start="2025-08-07T01:33:04.703983" elapsed="1.562242"/>
</kw>
<kw name="Get Element Attribute" owner="AppiumLibrary">
<msg time="2025-08-07T01:33:06.408902" level="INFO">Element 'xpath=//android.view.View[contains(@content-desc, "Buy Groceries")]//android.widget.CheckBox[@content-desc]' attribute 'checked' value 'false' </msg>
<msg time="2025-08-07T01:33:06.410407" level="INFO">xpath criteria: //android.view.View[contains(@content-desc, "Buy Groceries")]//android.widget.CheckBox[@content-desc]</msg>
<msg time="2025-08-07T01:33:06.410407" level="INFO">${checked} = false</msg>
<var>${checked}</var>
<arg>${checkbox}</arg>
<arg>checked</arg>
<doc>Get element attribute using given attribute: name, value,...</doc>
<status status="PASS" start="2025-08-07T01:33:06.266225" elapsed="0.144182"/>
</kw>
<kw name="Should Be Equal" owner="BuiltIn">
<arg>${checked}</arg>
<arg>false</arg>
<doc>Fails if the given objects are unequal.</doc>
<status status="PASS" start="2025-08-07T01:33:06.410729" elapsed="0.000000"/>
</kw>
<kw name="Click Element" owner="AppiumLibrary">
<msg time="2025-08-07T01:33:06.412740" level="INFO">Clicking element 'xpath=//android.view.View[contains(@content-desc, "Buy Groceries")]//android.widget.CheckBox[@content-desc]'.</msg>
<msg time="2025-08-07T01:33:06.668497" level="INFO">xpath criteria: //android.view.View[contains(@content-desc, "Buy Groceries")]//android.widget.CheckBox[@content-desc]</msg>
<arg>${checkbox}</arg>
<doc>Click element identified by `locator`.</doc>
<status status="PASS" start="2025-08-07T01:33:06.410729" elapsed="0.257768"/>
</kw>
<arg>Buy Groceries</arg>
<status status="PASS" start="2025-08-07T01:33:04.702969" elapsed="1.966065"/>
</kw>
<kw name="Then the todo item checkbox should be marked as complete" owner="home_page">
<kw name="Get checkbox locator for todo item" owner="home_page">
<kw name="Set Variable" owner="BuiltIn">
<msg time="2025-08-07T01:33:06.689395" level="INFO">${locator} = xpath=//android.view.View[contains(@content-desc, "Buy Groceries")]//android.widget.CheckBox[@content-desc]</msg>
<var>${locator}</var>
<arg>xpath=//android.view.View[contains(@content-desc, "${todo_title}")]//android.widget.CheckBox[@content-desc]</arg>
<doc>Returns the given values which can then be assigned to a variables.</doc>
<status status="PASS" start="2025-08-07T01:33:06.688388" elapsed="0.001007"/>
</kw>
<return>
<value>${locator}</value>
<status status="PASS" start="2025-08-07T01:33:06.689395" elapsed="0.000000"/>
</return>
<msg time="2025-08-07T01:33:06.689395" level="INFO">${checkbox} = xpath=//android.view.View[contains(@content-desc, "Buy Groceries")]//android.widget.CheckBox[@content-desc]</msg>
<var>${checkbox}</var>
<arg>${todo_title}</arg>
<status status="PASS" start="2025-08-07T01:33:06.670054" elapsed="0.019341"/>
</kw>
<kw name="Get Element Attribute" owner="AppiumLibrary">
<msg time="2025-08-07T01:33:07.307373" level="INFO">Element 'xpath=//android.view.View[contains(@content-desc, "Buy Groceries")]//android.widget.CheckBox[@content-desc]' attribute 'checked' value 'true' </msg>
<msg time="2025-08-07T01:33:07.307373" level="INFO">xpath criteria: //android.view.View[contains(@content-desc, "Buy Groceries")]//android.widget.CheckBox[@content-desc]</msg>
<msg time="2025-08-07T01:33:07.308038" level="INFO">${checked} = true</msg>
<var>${checked}</var>
<arg>${checkbox}</arg>
<arg>checked</arg>
<doc>Get element attribute using given attribute: name, value,...</doc>
<status status="PASS" start="2025-08-07T01:33:06.689921" elapsed="0.618117"/>
</kw>
<kw name="Should Be Equal" owner="BuiltIn">
<arg>${checked}</arg>
<arg>true</arg>
<doc>Fails if the given objects are unequal.</doc>
<status status="PASS" start="2025-08-07T01:33:07.308038" elapsed="0.000584"/>
</kw>
<arg>Buy Groceries</arg>
<status status="PASS" start="2025-08-07T01:33:06.669539" elapsed="0.639083"/>
</kw>
<kw name="When I uncheck the complete checkbox to mark a todo item as incomplete" owner="home_page">
<kw name="Get checkbox locator for todo item" owner="home_page">
<kw name="Set Variable" owner="BuiltIn">
<msg time="2025-08-07T01:33:07.308622" level="INFO">${locator} = xpath=//android.view.View[contains(@content-desc, "Buy Groceries")]//android.widget.CheckBox[@content-desc]</msg>
<var>${locator}</var>
<arg>xpath=//android.view.View[contains(@content-desc, "${todo_title}")]//android.widget.CheckBox[@content-desc]</arg>
<doc>Returns the given values which can then be assigned to a variables.</doc>
<status status="PASS" start="2025-08-07T01:33:07.308622" elapsed="0.000000"/>
</kw>
<return>
<value>${locator}</value>
<status status="PASS" start="2025-08-07T01:33:07.308622" elapsed="0.000000"/>
</return>
<msg time="2025-08-07T01:33:07.308622" level="INFO">${checkbox} = xpath=//android.view.View[contains(@content-desc, "Buy Groceries")]//android.widget.CheckBox[@content-desc]</msg>
<var>${checkbox}</var>
<arg>${todo_title}</arg>
<status status="PASS" start="2025-08-07T01:33:07.308622" elapsed="0.000000"/>
</kw>
<kw name="Wait Until Element Is Visible" owner="AppiumLibrary">
<msg time="2025-08-07T01:33:07.434070" level="INFO">xpath criteria: //android.view.View[contains(@content-desc, "Buy Groceries")]//android.widget.CheckBox[@content-desc]</msg>
<arg>${checkbox}</arg>
<arg>10s</arg>
<doc>Waits until element specified with `locator` is visible.</doc>
<status status="PASS" start="2025-08-07T01:33:07.308622" elapsed="0.125448"/>
</kw>
<kw name="Get Element Attribute" owner="AppiumLibrary">
<msg time="2025-08-07T01:33:07.580245" level="INFO">Element 'xpath=//android.view.View[contains(@content-desc, "Buy Groceries")]//android.widget.CheckBox[@content-desc]' attribute 'checked' value 'true' </msg>
<msg time="2025-08-07T01:33:07.580245" level="INFO">xpath criteria: //android.view.View[contains(@content-desc, "Buy Groceries")]//android.widget.CheckBox[@content-desc]</msg>
<msg time="2025-08-07T01:33:07.580245" level="INFO">${checked} = true</msg>
<var>${checked}</var>
<arg>${checkbox}</arg>
<arg>checked</arg>
<doc>Get element attribute using given attribute: name, value,...</doc>
<status status="PASS" start="2025-08-07T01:33:07.434070" elapsed="0.146175"/>
</kw>
<kw name="Should Be Equal" owner="BuiltIn">
<arg>${checked}</arg>
<arg>true</arg>
<doc>Fails if the given objects are unequal.</doc>
<status status="PASS" start="2025-08-07T01:33:07.580245" elapsed="0.000000"/>
</kw>
<kw name="Click Element" owner="AppiumLibrary">
<msg time="2025-08-07T01:33:07.582529" level="INFO">Clicking element 'xpath=//android.view.View[contains(@content-desc, "Buy Groceries")]//android.widget.CheckBox[@content-desc]'.</msg>
<msg time="2025-08-07T01:33:08.374107" level="INFO">xpath criteria: //android.view.View[contains(@content-desc, "Buy Groceries")]//android.widget.CheckBox[@content-desc]</msg>
<arg>${checkbox}</arg>
<doc>Click element identified by `locator`.</doc>
<status status="PASS" start="2025-08-07T01:33:07.580245" elapsed="0.793862"/>
</kw>
<arg>Buy Groceries</arg>
<status status="PASS" start="2025-08-07T01:33:07.308622" elapsed="1.065485"/>
</kw>
<kw name="Then the todo item checkbox should be marked as incomplete" owner="home_page">
<kw name="Get checkbox locator for todo item" owner="home_page">
<kw name="Set Variable" owner="BuiltIn">
<msg time="2025-08-07T01:33:08.376170" level="INFO">${locator} = xpath=//android.view.View[contains(@content-desc, "Buy Groceries")]//android.widget.CheckBox[@content-desc]</msg>
<var>${locator}</var>
<arg>xpath=//android.view.View[contains(@content-desc, "${todo_title}")]//android.widget.CheckBox[@content-desc]</arg>
<doc>Returns the given values which can then be assigned to a variables.</doc>
<status status="PASS" start="2025-08-07T01:33:08.376170" elapsed="0.000000"/>
</kw>
<return>
<value>${locator}</value>
<status status="PASS" start="2025-08-07T01:33:08.376170" elapsed="0.000000"/>
</return>
<msg time="2025-08-07T01:33:08.376170" level="INFO">${checkbox} = xpath=//android.view.View[contains(@content-desc, "Buy Groceries")]//android.widget.CheckBox[@content-desc]</msg>
<var>${checkbox}</var>
<arg>${todo_title}</arg>
<status status="PASS" start="2025-08-07T01:33:08.375657" elapsed="0.000513"/>
</kw>
<kw name="Get Element Attribute" owner="AppiumLibrary">
<msg time="2025-08-07T01:33:08.538235" level="INFO">Element 'xpath=//android.view.View[contains(@content-desc, "Buy Groceries")]//android.widget.CheckBox[@content-desc]' attribute 'checked' value 'false' </msg>
<msg time="2025-08-07T01:33:08.538235" level="INFO">xpath criteria: //android.view.View[contains(@content-desc, "Buy Groceries")]//android.widget.CheckBox[@content-desc]</msg>
<msg time="2025-08-07T01:33:08.538235" level="INFO">${checked} = false</msg>
<var>${checked}</var>
<arg>${checkbox}</arg>
<arg>checked</arg>
<doc>Get element attribute using given attribute: name, value,...</doc>
<status status="PASS" start="2025-08-07T01:33:08.376170" elapsed="0.162065"/>
</kw>
<kw name="Should Be Equal" owner="BuiltIn">
<arg>${checked}</arg>
<arg>false</arg>
<doc>Fails if the given objects are unequal.</doc>
<status status="PASS" start="2025-08-07T01:33:08.538235" elapsed="0.000000"/>
</kw>
<arg>Buy Groceries</arg>
<status status="PASS" start="2025-08-07T01:33:08.374633" elapsed="0.163602"/>
</kw>
<kw name="End result" owner="common" type="TEARDOWN">
<kw name="Close Application" owner="AppiumLibrary">
<doc>Closes the current application and also close webdriver session.</doc>
<status status="PASS" start="2025-08-07T01:33:08.540663" elapsed="1.031901"/>
</kw>
<status status="PASS" start="2025-08-07T01:33:08.540026" elapsed="1.032538"/>
</kw>
<tag>e2e</tag>
<status status="PASS" start="2025-08-07T01:32:42.011806" elapsed="27.560758"/>
</test>
<status status="PASS" start="2025-08-07T01:32:17.826573" elapsed="51.749031"/>
</suite>
<statistics>
<total>
<stat pass="2" fail="0" skip="0">All Tests</stat>
</total>
<tag>
<stat pass="2" fail="0" skip="0">e2e</stat>
</tag>
<suite>
<stat name="Mark Todo" id="s1" pass="2" fail="0" skip="0">Mark Todo</stat>
</suite>
</statistics>
<errors>
</errors>
</robot>
