<?xml version="1.0" encoding="UTF-8"?>
<robot generator="Robot 7.3.2 (Python 3.11.1 on win32)" generated="2025-08-06T23:00:29.824264" rpa="false" schemaversion="5">
<suite id="s1" name="Add Todo" source="c:\Users\hanna\OneDrive\Desktop\humanforce_automation-test\UI\TestCases\add_todo.robot">
<test id="s1-t1" name="Scenario: Add a new todo item" line="19">
<kw name="Setup Test Environment" owner="Common" type="SETUP">
<kw name="Run Keyword If" owner="BuiltIn">
<kw name="testSetupLocal" owner="Common">
<kw name="Open Application" owner="AppiumLibrary">
<arg>${REMOTE_URL}</arg>
<arg>platformName=${PLATFORM_NAME}</arg>
<arg>platformVersion=${platformVersion}</arg>
<arg>deviceName=${deviceName}</arg>
<arg>automationName=UiAutomator2</arg>
<arg>appActivity=${ACTIVITY_NAME}</arg>
<arg>appPackage=${PACKAGE_NAME}</arg>
<arg>noReset=${NO_RESET}</arg>
<doc>Opens a new application to given Appium server.
Capabilities of appium server, Android and iOS,
Please check https://appium.io/docs/en/2.19/guides/caps/
| *Option*            | *Man.* | *Description*     |
| remote_url          | Yes    | Appium server url |
| alias               | No     | alias             |</doc>
<status status="PASS" start="2025-08-06T23:00:30.171283" elapsed="5.912598"/>
</kw>
<status status="PASS" start="2025-08-06T23:00:30.170758" elapsed="5.913123"/>
</kw>
<arg>'${environmentToRunTest}'=='LOCAL'</arg>
<arg>testSetupLocal</arg>
<arg>ELSE IF</arg>
<arg>'${environmentToRunTest}'=='BROWSERSTACK'</arg>
<arg>testSetupBrowserStack</arg>
<arg>ELSE</arg>
<arg>Log</arg>
<arg>Setup Test Environment went wrong. Please check the value of the variable 'environmentToRunTest'.</arg>
<doc>Runs the given keyword with the given arguments, if ``condition`` is true.</doc>
<status status="PASS" start="2025-08-06T23:00:30.169736" elapsed="5.914145"/>
</kw>
<doc>Generic local test setup</doc>
<status status="PASS" start="2025-08-06T23:00:30.169736" elapsed="5.914670"/>
</kw>
<kw name="Given the todo app is open">
<msg time="2025-08-06T23:00:36.086970" level="FAIL">No keyword with name 'Given the todo app is open' found.</msg>
<status status="FAIL" start="2025-08-06T23:00:36.086970" elapsed="0.003109">No keyword with name 'Given the todo app is open' found.</status>
</kw>
<kw name="When I add a todo item titled &quot;Buy Groceries&quot;">
<status status="NOT RUN" start="2025-08-06T23:00:36.090799" elapsed="0.000518"/>
</kw>
<kw name="Then the todo item should be visible in the list">
<status status="NOT RUN" start="2025-08-06T23:00:36.091874" elapsed="0.000516"/>
</kw>
<kw name="And the item count should update accordingly">
<status status="NOT RUN" start="2025-08-06T23:00:36.093470" elapsed="0.000473"/>
</kw>
<kw name="And the input field should be cleared after submission">
<status status="NOT RUN" start="2025-08-06T23:00:36.094887" elapsed="0.000000"/>
</kw>
<kw name="End result" owner="Common" type="TEARDOWN">
<kw name="Close Application" owner="AppiumLibrary">
<doc>Closes the current application and also close webdriver session.</doc>
<status status="PASS" start="2025-08-06T23:00:36.095900" elapsed="0.683963"/>
</kw>
<status status="PASS" start="2025-08-06T23:00:36.094887" elapsed="0.684976"/>
</kw>
<tag>e2e</tag>
<status status="FAIL" start="2025-08-06T23:00:30.168694" elapsed="6.612214">No keyword with name 'Given the todo app is open' found.</status>
</test>
<status status="FAIL" start="2025-08-06T23:00:29.829160" elapsed="6.953493"/>
</suite>
<statistics>
<total>
<stat pass="0" fail="1" skip="0">All Tests</stat>
</total>
<tag>
<stat pass="0" fail="1" skip="0">e2e</stat>
</tag>
<suite>
<stat name="Add Todo" id="s1" pass="0" fail="1" skip="0">Add Todo</stat>
</suite>
</statistics>
<errors>
</errors>
</robot>
